{"numFailedTestSuites":0,"numFailedTests":0,"numPassedTestSuites":58,"numPassedTests":239,"numPendingTestSuites":0,"numPendingTests":0,"numRuntimeErrorTestSuites":0,"numTodoTests":0,"numTotalTestSuites":58,"numTotalTests":239,"openHandles":[],"snapshot":{"added":0,"didUpdate":false,"failure":false,"filesAdded":0,"filesRemoved":0,"filesRemovedList":[],"filesUnmatched":0,"filesUpdated":0,"matched":0,"total":0,"unchecked":0,"uncheckedKeysByFile":[],"unmatched":0,"updated":0},"startTime":1789415714842,"success":true,"testResults":[{"assertionResults":[{"ancestorTitles":["PRUEBAS DE INTEGRACIÓN - Gestión Administrativa (RF-001)","CP-001: Jerarquía de roles de 3 niveles"],"duration":64,"failing":false,"failureDetails":[],"failureMessages":[],"fullName":"PRUEBAS DE INTEGRACIÓN - Gestión Administrativa (RF-001) CP-001: Jerarquía de roles de 3 niveles Debe permitir a Super Admin gestionar Admins, a Admin gestionar Joyeros, y bloquear a Joyero","invocations":1,"location":null,"numPassingAsserts":3,"retryReasons":[],"startAt":1789415716927,"status":"passed","title":"Debe permitir a Super Admin gestionar Admins, a Admin gestionar Joyeros, y bloquear a Joyero"},{"ancestorTitles":["PRUEBAS DE INTEGRACIÓN - Gestión Administrativa (RF-001)","CP-002: Permisos Super Admin"],"duration":8,"failing":false,"failureDetails":[],"failureMessages":[],"fullName":"PRUEBAS DE INTEGRACIÓN - Gestión Administrativa (RF-001) CP-002: Permisos Super Admin Debe autorizar exclusivamente al Super Admin para crear usuarios de tipo Administrador","invocations":1,"location":null,"numPassingAsserts":3,"retryReasons":[],"startAt":1789415716992,"status":"passed","title":"Debe autorizar exclusivamente al Super Admin para crear usuarios de tipo Administrador"},{"ancestorTitles":["PRUEBAS DE INTEGRACIÓN - Gestión Administrativa (RF-001)","CP-003: Permisos Administrador"],"duration":6,"failing":false,"failureDetails":[],"failureMessages":[],"fullName":"PRUEBAS DE INTEGRACIÓN - Gestión Administrativa (RF-001) CP-003: Permisos Administrador Debe permitir al Administrador registrar exitosamente una nueva cuenta de Joyero","invocations":1,"location":null,"numPassingAsserts":2,"retryReasons":[],"startAt":1789415717000,"status":"passed","title":"Debe permitir al Administrador registrar exitosamente una nueva cuenta de Joyero"},{"ancestorTitles":["PRUEBAS DE INTEGRACIÓN - Gestión Administrativa (RF-001)","CP-006: Auditoría de usuarios"],"duration":6,"failing":false,"failureDetails":[],"failureMessages":[],"fullName":"PRUEBAS DE INTEGRACIÓN - Gestión Administrativa (RF-001) CP-006: Auditoría de usuarios Debe invocar automáticamente el servicio de auditoría al crear un usuario","invocations":1,"location":null,"numPassingAsserts":1,"retryReasons":[],"startAt":1789415717006,"status":"passed","title":"Debe invocar automáticamente el servicio de auditoría al crear un usuario"},{"ancestorTitles":["PRUEBAS DE INTEGRACIÓN - Gestión Administrativa (RF-001)","CP-007: Respeto jerárquico global"],"duration":15,"failing":false,"failureDetails":[],"failureMessages":[],"fullName":"PRUEBAS DE INTEGRACIÓN - Gestión Administrativa (RF-001) CP-007: Respeto jerárquico global Debe rechazar en la capa de controlador cuando el token indica un rol no autorizado","invocations":1,"location":null,"numPassingAsserts":1,"retryReasons":[],"startAt":1789415717012,"status":"passed","title":"Debe rechazar en la capa de controlador cuando el token indica un rol no autorizado"},{"ancestorTitles":["PRUEBAS DE INTEGRACIÓN - Gestión Administrativa (RF-001)","CP-008: Registro Admin válido"],"duration":6,"failing":false,"failureDetails":[],"failureMessages":[],"fullName":"PRUEBAS DE INTEGRACIÓN - Gestión Administrativa (RF-001) CP-008: Registro Admin válido Debe guardar en la BD al nuevo Admin con contraseña temporal cifrada y bandera de cambio inicial","invocations":1,"location":null,"numPassingAsserts":5,"retryReasons":[],"startAt":1789415717028,"status":"passed","title":"Debe guardar en la BD al nuevo Admin con contraseña temporal cifrada y bandera de cambio inicial"},{"ancestorTitles":["PRUEBAS DE INTEGRACIÓN - Gestión Administrativa (RF-001)","CP-009: Documento Admin duplicado"],"duration":4,"failing":false,"failureDetails":[],"failureMessages":[],"fullName":"PRUEBAS DE INTEGRACIÓN - Gestión Administrativa (RF-001) CP-009: Documento Admin duplicado Debe rechazar la creación si el ID/Cédula del nuevo Admin ya existe en la base de datos","invocations":1,"location":null,"numPassingAsserts":2,"retryReasons":[],"startAt":1789415717034,"status":"passed","title":"Debe rechazar la creación si el ID/Cédula del nuevo Admin ya existe en la base de datos"},{"ancestorTitles":["PRUEBAS DE INTEGRACIÓN - Gestión Administrativa (RF-001)","CP-011: Bloqueo Admin crea Admin"],"duration":3,"failing":false,"failureDetails":[],"failureMessages":[],"fullName":"PRUEBAS DE INTEGRACIÓN - Gestión Administrativa (RF-001) CP-011: Bloqueo Admin crea Admin Debe denegar la solicitud con ForbiddenException cuando un Admin intenta crear otro Admin","invocations":1,"location":null,"numPassingAsserts":2,"retryReasons":[],"startAt":1789415717039,"status":"passed","title":"Debe denegar la solicitud con ForbiddenException cuando un Admin intenta crear otro Admin"},{"ancestorTitles":["PRUEBAS DE INTEGRACIÓN - Gestión Administrativa (RF-001)","CP-014: Permisos Módulo Admin"],"duration":4,"failing":false,"failureDetails":[],"failureMessages":[],"fullName":"PRUEBAS DE INTEGRACIÓN - Gestión Administrativa (RF-001) CP-014: Permisos Módulo Admin Debe rechazar la edición de un Admin si el actor no es Super Admin","invocations":1,"location":null,"numPassingAsserts":1,"retryReasons":[],"startAt":1789415717043,"status":"passed","title":"Debe rechazar la edición de un Admin si el actor no es Super Admin"},{"ancestorTitles":["PRUEBAS DE INTEGRACIÓN - Gestión Administrativa (RF-001)","CP-015: Clave temporal cifrada"],"duration":9,"failing":false,"failureDetails":[],"failureMessages":[],"fullName":"PRUEBAS DE INTEGRACIÓN - Gestión Administrativa (RF-001) CP-015: Clave temporal cifrada Debe generar una clave temporal y requerir cambio en el primer ingreso tras el reset por Admin","invocations":1,"location":null,"numPassingAsserts":4,"retryReasons":[],"startAt":1789415717048,"status":"passed","title":"Debe generar una clave temporal y requerir cambio en el primer ingreso tras el reset por Admin"},{"ancestorTitles":["PRUEBAS DE INTEGRACIÓN - Gestión Administrativa (RF-001)","CP-017: Auditoría alta Admin"],"duration":4,"failing":false,"failureDetails":[],"failureMessages":[],"fullName":"PRUEBAS DE INTEGRACIÓN - Gestión Administrativa (RF-001) CP-017: Auditoría alta Admin Debe registrar de manera precisa la auditoría del evento CREAR_USUARIO_Administrador","invocations":1,"location":null,"numPassingAsserts":1,"retryReasons":[],"startAt":1789415717057,"status":"passed","title":"Debe registrar de manera precisa la auditoría del evento CREAR_USUARIO_Administrador"},{"ancestorTitles":["PRUEBAS DE INTEGRACIÓN - Gestión Administrativa (RF-001)","CP-018: Consulta lista Admin"],"duration":2,"failing":false,"failureDetails":[],"failureMessages":[],"fullName":"PRUEBAS DE INTEGRACIÓN - Gestión Administrativa (RF-001) CP-018: Consulta lista Admin Debe obtener la lista de Administradores desde la BD suprimiendo las contraseñas","invocations":1,"location":null,"numPassingAsserts":3,"retryReasons":[],"startAt":1789415717061,"status":"passed","title":"Debe obtener la lista de Administradores desde la BD suprimiendo las contraseñas"},{"ancestorTitles":["PRUEBAS DE INTEGRACIÓN - Gestión Administrativa (RF-001)","CP-020: Bloqueo consulta Admin"],"duration":2,"failing":false,"failureDetails":[],"failureMessages":[],"fullName":"PRUEBAS DE INTEGRACIÓN - Gestión Administrativa (RF-001) CP-020: Bloqueo consulta Admin Debe permitir la filtración segura por rol garantizando lectura aislada","invocations":1,"location":null,"numPassingAsserts":2,"retryReasons":[],"startAt":1789415717064,"status":"passed","title":"Debe permitir la filtración segura por rol garantizando lectura aislada"},{"ancestorTitles":["PRUEBAS DE INTEGRACIÓN - Gestión Administrativa (RF-001)","CP-021: Filtro Admin por documento"],"duration":3,"failing":false,"failureDetails":[],"failureMessages":[],"fullName":"PRUEBAS DE INTEGRACIÓN - Gestión Administrativa (RF-001) CP-021: Filtro Admin por documento Debe consultar un Administrador específico en BD filtrando por su documento/ID","invocations":1,"location":null,"numPassingAsserts":3,"retryReasons":[],"startAt":1789415717066,"status":"passed","title":"Debe consultar un Administrador específico en BD filtrando por su documento/ID"},{"ancestorTitles":["PRUEBAS DE INTEGRACIÓN - Gestión Administrativa (RF-001)","CP-022: Detalle e historial Admin"],"duration":2,"failing":false,"failureDetails":[],"failureMessages":[],"fullName":"PRUEBAS DE INTEGRACIÓN - Gestión Administrativa (RF-001) CP-022: Detalle e historial Admin Debe retornar el detalle completo del Administrador parseando su historial de estado","invocations":1,"location":null,"numPassingAsserts":3,"retryReasons":[],"startAt":1789415717069,"status":"passed","title":"Debe retornar el detalle completo del Administrador parseando su historial de estado"},{"ancestorTitles":["PRUEBAS DE INTEGRACIÓN - Gestión Administrativa (RF-001)","CP-023: Edición exitosa Admin"],"duration":2,"failing":false,"failureDetails":[],"failureMessages":[],"fullName":"PRUEBAS DE INTEGRACIÓN - Gestión Administrativa (RF-001) CP-023: Edición exitosa Admin Debe actualizar exitosamente los datos del Administrador en la BD","invocations":1,"location":null,"numPassingAsserts":3,"retryReasons":[],"startAt":1789415717071,"status":"passed","title":"Debe actualizar exitosamente los datos del Administrador en la BD"},{"ancestorTitles":["PRUEBAS DE INTEGRACIÓN - Gestión Administrativa (RF-001)","CP-026: Bloqueo edita otros Admin"],"duration":2,"failing":false,"failureDetails":[],"failureMessages":[],"fullName":"PRUEBAS DE INTEGRACIÓN - Gestión Administrativa (RF-001) CP-026: Bloqueo edita otros Admin Debe denegar la edición con ForbiddenException si un Admin intenta modificar a otro Admin","invocations":1,"location":null,"numPassingAsserts":2,"retryReasons":[],"startAt":1789415717073,"status":"passed","title":"Debe denegar la edición con ForbiddenException si un Admin intenta modificar a otro Admin"},{"ancestorTitles":["PRUEBAS DE INTEGRACIÓN - Gestión Administrativa (RF-001)","CP-027: Concurrencia edición Admin"],"duration":3,"failing":false,"failureDetails":[],"failureMessages":[],"fullName":"PRUEBAS DE INTEGRACIÓN - Gestión Administrativa (RF-001) CP-027: Concurrencia edición Admin Debe manejar actualizaciones consecutivas sobre el mismo Administrador de forma segura","invocations":1,"location":null,"numPassingAsserts":2,"retryReasons":[],"startAt":1789415717075,"status":"passed","title":"Debe manejar actualizaciones consecutivas sobre el mismo Administrador de forma segura"},{"ancestorTitles":["PRUEBAS DE INTEGRACIÓN - Gestión Administrativa (RF-001)","CP-029: Auditoría edición Admin"],"duration":2,"failing":false,"failureDetails":[],"failureMessages":[],"fullName":"PRUEBAS DE INTEGRACIÓN - Gestión Administrativa (RF-001) CP-029: Auditoría edición Admin Debe registrar automáticamente el evento de auditoría ACTUALIZAR_USUARIO_Administrador","invocations":1,"location":null,"numPassingAsserts":1,"retryReasons":[],"startAt":1789415717078,"status":"passed","title":"Debe registrar automáticamente el evento de auditoría ACTUALIZAR_USUARIO_Administrador"},{"ancestorTitles":["PRUEBAS DE INTEGRACIÓN - Gestión Administrativa (RF-001)","CP-031: Desactivación lógica Admin"],"duration":3,"failing":false,"failureDetails":[],"failureMessages":[],"fullName":"PRUEBAS DE INTEGRACIÓN - Gestión Administrativa (RF-001) CP-031: Desactivación lógica Admin Debe realizar la baja lógica actualizando accountStatus a Inactivo sin borrar el registro","invocations":1,"location":null,"numPassingAsserts":2,"retryReasons":[],"startAt":1789415717080,"status":"passed","title":"Debe realizar la baja lógica actualizando accountStatus a Inactivo sin borrar el registro"},{"ancestorTitles":["PRUEBAS DE INTEGRACIÓN - Gestión Administrativa (RF-001)","CP-033: Bloqueo desactiva Admin"],"duration":3,"failing":false,"failureDetails":[],"failureMessages":[],"fullName":"PRUEBAS DE INTEGRACIÓN - Gestión Administrativa (RF-001) CP-033: Bloqueo desactiva Admin Debe rechazar con ForbiddenException si un Administrador intenta desactivar a otro Admin","invocations":1,"location":null,"numPassingAsserts":2,"retryReasons":[],"startAt":1789415717083,"status":"passed","title":"Debe rechazar con ForbiddenException si un Administrador intenta desactivar a otro Admin"},{"ancestorTitles":["PRUEBAS DE INTEGRACIÓN - Gestión Administrativa (RF-001)","CP-036: Bloqueo acceso inactivo"],"duration":5,"failing":false,"failureDetails":[],"failureMessages":[],"fullName":"PRUEBAS DE INTEGRACIÓN - Gestión Administrativa (RF-001) CP-036: Bloqueo acceso inactivo Debe bloquear el inicio de sesión si la cuenta del Administrador se encuentra Inactiva","invocations":1,"location":null,"numPassingAsserts":1,"retryReasons":[],"startAt":1789415717086,"status":"passed","title":"Debe bloquear el inicio de sesión si la cuenta del Administrador se encuentra Inactiva"},{"ancestorTitles":["PRUEBAS DE INTEGRACIÓN - Gestión Administrativa (RF-001)","CP-037: No eliminación física"],"duration":1,"failing":false,"failureDetails":[],"failureMessages":[],"fullName":"PRUEBAS DE INTEGRACIÓN - Gestión Administrativa (RF-001) CP-037: No eliminación física Debe mantener la entidad en la BD cambiando su estado a Inactivo sin ejecutar un DELETE","invocations":1,"location":null,"numPassingAsserts":3,"retryReasons":[],"startAt":1789415717092,"status":"passed","title":"Debe mantener la entidad en la BD cambiando su estado a Inactivo sin ejecutar un DELETE"},{"ancestorTitles":["PRUEBAS DE INTEGRACIÓN - Gestión Administrativa (RF-001)","CP-038: Desactivar otro Admin"],"duration":1,"failing":false,"failureDetails":[],"failureMessages":[],"fullName":"PRUEBAS DE INTEGRACIÓN - Gestión Administrativa (RF-001) CP-038: Desactivar otro Admin Debe permitir al Super Admin desactivar la cuenta de un Administrador","invocations":1,"location":null,"numPassingAsserts":2,"retryReasons":[],"startAt":1789415717094,"status":"passed","title":"Debe permitir al Super Admin desactivar la cuenta de un Administrador"},{"ancestorTitles":["PRUEBAS DE INTEGRACIÓN - Gestión Administrativa (RF-001)","CP-039: Auditoría baja Admin"],"duration":3,"failing":false,"failureDetails":[],"failureMessages":[],"fullName":"PRUEBAS DE INTEGRACIÓN - Gestión Administrativa (RF-001) CP-039: Auditoría baja Admin Debe registrar de manera precisa el evento de auditoría DESACTIVAR_USUARIO_Administrador","invocations":1,"location":null,"numPassingAsserts":1,"retryReasons":[],"startAt":1789415717095,"status":"passed","title":"Debe registrar de manera precisa el evento de auditoría DESACTIVAR_USUARIO_Administrador"}],"endTime":1789415717101,"message":"","name":"C:\\Users\\joale\\OneDrive\\Desktop\\Skainet_FI\\test\\integracion\\usuarios.integration.spec.ts","startTime":1789415715338,"status":"passed","summary":""},{"assertionResults":[{"ancestorTitles":["UsersController"],"duration":5,"failing":false,"failureDetails":[],"failureMessages":[],"fullName":"UsersController should be defined","invocations":1,"location":null,"numPassingAsserts":1,"retryReasons":[],"startAt":1789415717622,"status":"passed","title":"should be defined"}],"endTime":1789415717628,"message":"","name":"C:\\Users\\joale\\OneDrive\\Desktop\\Skainet_FI\\Skainet-API\\src\\users\\users.controller.spec.ts","startTime":1789415717114,"status":"passed","summary":""},{"assertionResults":[{"ancestorTitles":["PRUEBAS DE INTEGRACIÓN - Gestión de Joyeros (RF-001)","CP-040: Registro Joyero válido"],"duration":5,"failing":false,"failureDetails":[],"failureMessages":[],"fullName":"PRUEBAS DE INTEGRACIÓN - Gestión de Joyeros (RF-001) CP-040: Registro Joyero válido Debe insertar un nuevo Joyero en la BD con todos sus datos válidos y generar log de auditoría","invocations":1,"location":null,"numPassingAsserts":4,"retryReasons":[],"startAt":1789415718006,"status":"passed","title":"Debe insertar un nuevo Joyero en la BD con todos sus datos válidos y generar log de auditoría"},{"ancestorTitles":["PRUEBAS DE INTEGRACIÓN - Gestión de Joyeros (RF-001)","CP-041: Documento Joyero duplicado"],"duration":18,"failing":false,"failureDetails":[],"failureMessages":[],"fullName":"PRUEBAS DE INTEGRACIÓN - Gestión de Joyeros (RF-001) CP-041: Documento Joyero duplicado Debe rechazar el registro de un Joyero si la cédula/ID ya está registrada en el sistema","invocations":1,"location":null,"numPassingAsserts":1,"retryReasons":[],"startAt":1789415718012,"status":"passed","title":"Debe rechazar el registro de un Joyero si la cédula/ID ya está registrada en el sistema"},{"ancestorTitles":["PRUEBAS DE INTEGRACIÓN - Gestión de Joyeros (RF-001)","CP-043: Bloqueo Joyero crea Joyero"],"duration":5,"failing":false,"failureDetails":[],"failureMessages":[],"fullName":"PRUEBAS DE INTEGRACIÓN - Gestión de Joyeros (RF-001) CP-043: Bloqueo Joyero crea Joyero Debe denegar con ForbiddenException si un Joyero intenta registrar a otro Joyero","invocations":1,"location":null,"numPassingAsserts":1,"retryReasons":[],"startAt":1789415718030,"status":"passed","title":"Debe denegar con ForbiddenException si un Joyero intenta registrar a otro Joyero"},{"ancestorTitles":["PRUEBAS DE INTEGRACIÓN - Gestión de Joyeros (RF-001)","CP-046: Clave temporal Joyero"],"duration":3,"failing":false,"failureDetails":[],"failureMessages":[],"fullName":"PRUEBAS DE INTEGRACIÓN - Gestión de Joyeros (RF-001) CP-046: Clave temporal Joyero Debe generar una clave temporal y activar la bandera de cambio en el primer ingreso","invocations":1,"location":null,"numPassingAsserts":2,"retryReasons":[],"startAt":1789415718035,"status":"passed","title":"Debe generar una clave temporal y activar la bandera de cambio en el primer ingreso"},{"ancestorTitles":["PRUEBAS DE INTEGRACIÓN - Gestión de Joyeros (RF-001)","CP-047: Registro completo Joyero"],"duration":3,"failing":false,"failureDetails":[],"failureMessages":[],"fullName":"PRUEBAS DE INTEGRACIÓN - Gestión de Joyeros (RF-001) CP-047: Registro completo Joyero Debe persistir correctamente el perfil completo del Joyero en la base de datos","invocations":1,"location":null,"numPassingAsserts":2,"retryReasons":[],"startAt":1789415718038,"status":"passed","title":"Debe persistir correctamente el perfil completo del Joyero en la base de datos"},{"ancestorTitles":["PRUEBAS DE INTEGRACIÓN - Gestión de Joyeros (RF-001)","CP-048: Auditoría alta Joyero"],"duration":4,"failing":false,"failureDetails":[],"failureMessages":[],"fullName":"PRUEBAS DE INTEGRACIÓN - Gestión de Joyeros (RF-001) CP-048: Auditoría alta Joyero Debe registrar de manera precisa la auditoría de creación de cuenta de Joyero","invocations":1,"location":null,"numPassingAsserts":1,"retryReasons":[],"startAt":1789415718042,"status":"passed","title":"Debe registrar de manera precisa la auditoría de creación de cuenta de Joyero"},{"ancestorTitles":["PRUEBAS DE INTEGRACIÓN - Gestión de Joyeros (RF-001)","CP-049: Consulta lista Joyeros"],"duration":3,"failing":false,"failureDetails":[],"failureMessages":[],"fullName":"PRUEBAS DE INTEGRACIÓN - Gestión de Joyeros (RF-001) CP-049: Consulta lista Joyeros Debe consultar y retornar la lista de Joyeros desde la BD suprimiendo las contraseñas","invocations":1,"location":null,"numPassingAsserts":2,"retryReasons":[],"startAt":1789415718047,"status":"passed","title":"Debe consultar y retornar la lista de Joyeros desde la BD suprimiendo las contraseñas"},{"ancestorTitles":["PRUEBAS DE INTEGRACIÓN - Gestión de Joyeros (RF-001)","CP-051: Bloqueo lista Joyeros"],"duration":3,"failing":false,"failureDetails":[],"failureMessages":[],"fullName":"PRUEBAS DE INTEGRACIÓN - Gestión de Joyeros (RF-001) CP-051: Bloqueo lista Joyeros Debe consultar estrictamente las entidades correspondientes al filtro de rol especificado","invocations":1,"location":null,"numPassingAsserts":1,"retryReasons":[],"startAt":1789415718051,"status":"passed","title":"Debe consultar estrictamente las entidades correspondientes al filtro de rol especificado"},{"ancestorTitles":["PRUEBAS DE INTEGRACIÓN - Gestión de Joyeros (RF-001)","CP-052: Filtro Joyero por documento"],"duration":6,"failing":false,"failureDetails":[],"failureMessages":[],"fullName":"PRUEBAS DE INTEGRACIÓN - Gestión de Joyeros (RF-001) CP-052: Filtro Joyero por documento Debe consultar los detalles de un Joyero en particular especificando su documento/ID","invocations":1,"location":null,"numPassingAsserts":1,"retryReasons":[],"startAt":1789415718054,"status":"passed","title":"Debe consultar los detalles de un Joyero en particular especificando su documento/ID"},{"ancestorTitles":["PRUEBAS DE INTEGRACIÓN - Gestión de Joyeros (RF-001)","CP-053: Edición exitosa Joyero"],"duration":3,"failing":false,"failureDetails":[],"failureMessages":[],"fullName":"PRUEBAS DE INTEGRACIÓN - Gestión de Joyeros (RF-001) CP-053: Edición exitosa Joyero Debe actualizar los datos del Joyero en la BD cuando la solicitud es realizada por un Admin","invocations":1,"location":null,"numPassingAsserts":1,"retryReasons":[],"startAt":1789415718061,"status":"passed","title":"Debe actualizar los datos del Joyero en la BD cuando la solicitud es realizada por un Admin"},{"ancestorTitles":["PRUEBAS DE INTEGRACIÓN - Gestión de Joyeros (RF-001)","CP-056: Bloqueo autoedición Joyero"],"duration":4,"failing":false,"failureDetails":[],"failureMessages":[],"fullName":"PRUEBAS DE INTEGRACIÓN - Gestión de Joyeros (RF-001) CP-056: Bloqueo autoedición Joyero Debe rechazar la solicitud si un usuario con rol Joyero intenta modificar un perfil","invocations":1,"location":null,"numPassingAsserts":1,"retryReasons":[],"startAt":1789415718064,"status":"passed","title":"Debe rechazar la solicitud si un usuario con rol Joyero intenta modificar un perfil"},{"ancestorTitles":["PRUEBAS DE INTEGRACIÓN - Gestión de Joyeros (RF-001)","CP-057: Joyero inexistente en ed."],"duration":2,"failing":false,"failureDetails":[],"failureMessages":[],"fullName":"PRUEBAS DE INTEGRACIÓN - Gestión de Joyeros (RF-001) CP-057: Joyero inexistente en ed. Debe lanzar NotFoundException si se intenta actualizar un Joyero que no existe en la BD","invocations":1,"location":null,"numPassingAsserts":1,"retryReasons":[],"startAt":1789415718068,"status":"passed","title":"Debe lanzar NotFoundException si se intenta actualizar un Joyero que no existe en la BD"},{"ancestorTitles":["PRUEBAS DE INTEGRACIÓN - Gestión de Joyeros (RF-001)","CP-059: Edición datos válidos"],"duration":3,"failing":false,"failureDetails":[],"failureMessages":[],"fullName":"PRUEBAS DE INTEGRACIÓN - Gestión de Joyeros (RF-001) CP-059: Edición datos válidos Debe confirmar que los cambios en el perfil del Joyero son guardados en la BD","invocations":1,"location":null,"numPassingAsserts":1,"retryReasons":[],"startAt":1789415718070,"status":"passed","title":"Debe confirmar que los cambios en el perfil del Joyero son guardados en la BD"},{"ancestorTitles":["PRUEBAS DE INTEGRACIÓN - Gestión de Joyeros (RF-001)","CP-060: Auditoría edición Joyero"],"duration":3,"failing":false,"failureDetails":[],"failureMessages":[],"fullName":"PRUEBAS DE INTEGRACIÓN - Gestión de Joyeros (RF-001) CP-060: Auditoría edición Joyero Debe registrar de manera precisa la auditoría del evento ACTUALIZAR_USUARIO_Joyero","invocations":1,"location":null,"numPassingAsserts":1,"retryReasons":[],"startAt":1789415718073,"status":"passed","title":"Debe registrar de manera precisa la auditoría del evento ACTUALIZAR_USUARIO_Joyero"},{"ancestorTitles":["PRUEBAS DE INTEGRACIÓN - Gestión de Joyeros (RF-001)","CP-061: Desactivar Joyero sin OT"],"duration":2,"failing":false,"failureDetails":[],"failureMessages":[],"fullName":"PRUEBAS DE INTEGRACIÓN - Gestión de Joyeros (RF-001) CP-061: Desactivar Joyero sin OT Debe permitir la inactivación lógica del Joyero si no posee OT activas asociadas","invocations":1,"location":null,"numPassingAsserts":1,"retryReasons":[],"startAt":1789415718076,"status":"passed","title":"Debe permitir la inactivación lógica del Joyero si no posee OT activas asociadas"},{"ancestorTitles":["PRUEBAS DE INTEGRACIÓN - Gestión de Joyeros (RF-001)","CP-063: Bloqueo desactiva Joyero"],"duration":2,"failing":false,"failureDetails":[],"failureMessages":[],"fullName":"PRUEBAS DE INTEGRACIÓN - Gestión de Joyeros (RF-001) CP-063: Bloqueo desactiva Joyero Debe denegar la desactivación con ForbiddenException cuando es solicitada por un Joyero","invocations":1,"location":null,"numPassingAsserts":1,"retryReasons":[],"startAt":1789415718078,"status":"passed","title":"Debe denegar la desactivación con ForbiddenException cuando es solicitada por un Joyero"},{"ancestorTitles":["PRUEBAS DE INTEGRACIÓN - Gestión de Joyeros (RF-001)","CP-065: Bloqueo baja Joyero con OT"],"duration":2,"failing":false,"failureDetails":[],"failureMessages":[],"fullName":"PRUEBAS DE INTEGRACIÓN - Gestión de Joyeros (RF-001) CP-065: Bloqueo baja Joyero con OT Debe validar la ausencia de Órdenes de Trabajo activas antes de proceder con la inactivación","invocations":1,"location":null,"numPassingAsserts":1,"retryReasons":[],"startAt":1789415718080,"status":"passed","title":"Debe validar la ausencia de Órdenes de Trabajo activas antes de proceder con la inactivación"},{"ancestorTitles":["PRUEBAS DE INTEGRACIÓN - Gestión de Joyeros (RF-001)","CP-066: Bloqueo acceso Joyero baja"],"duration":5,"failing":false,"failureDetails":[],"failureMessages":[],"fullName":"PRUEBAS DE INTEGRACIÓN - Gestión de Joyeros (RF-001) CP-066: Bloqueo acceso Joyero baja Debe rechazar la autenticación de un Joyero cuya cuenta ha sido deshabilitada","invocations":1,"location":null,"numPassingAsserts":1,"retryReasons":[],"startAt":1789415718082,"status":"passed","title":"Debe rechazar la autenticación de un Joyero cuya cuenta ha sido deshabilitada"},{"ancestorTitles":["PRUEBAS DE INTEGRACIÓN - Gestión de Joyeros (RF-001)","CP-067: Baja Joyero sin reasignar"],"duration":3,"failing":false,"failureDetails":[],"failureMessages":[],"fullName":"PRUEBAS DE INTEGRACIÓN - Gestión de Joyeros (RF-001) CP-067: Baja Joyero sin reasignar Debe permitir la inactivación exitosa cuando el Joyero no tiene asignaciones pendientes","invocations":1,"location":null,"numPassingAsserts":1,"retryReasons":[],"startAt":1789415718087,"status":"passed","title":"Debe permitir la inactivación exitosa cuando el Joyero no tiene asignaciones pendientes"},{"ancestorTitles":["PRUEBAS DE INTEGRACIÓN - Gestión de Joyeros (RF-001)","CP-068: Auditoría baja Joyero"],"duration":2,"failing":false,"failureDetails":[],"failureMessages":[],"fullName":"PRUEBAS DE INTEGRACIÓN - Gestión de Joyeros (RF-001) CP-068: Auditoría baja Joyero Debe registrar de manera precisa el evento de auditoría DESACTIVAR_USUARIO_Joyero","invocations":1,"location":null,"numPassingAsserts":1,"retryReasons":[],"startAt":1789415718090,"status":"passed","title":"Debe registrar de manera precisa el evento de auditoría DESACTIVAR_USUARIO_Joyero"}],"endTime":1789415718094,"message":"","name":"C:\\Users\\joale\\OneDrive\\Desktop\\Skainet_FI\\test\\integracion\\usuarios-joyeros.integration.spec.ts","startTime":1789415717637,"status":"passed","summary":""},{"assertionResults":[{"ancestorTitles":["PRUEBAS UNITARIAS - Gestión de Joyeros (RF-001)","CP-042: Campos requeridos Joyero"],"duration":22,"failing":false,"failureDetails":[],"failureMessages":[],"fullName":"PRUEBAS UNITARIAS - Gestión de Joyeros (RF-001) CP-042: Campos requeridos Joyero Debe rechazar la creación de un Joyero si falta la cédula/ID o el nombre","invocations":1,"location":null,"numPassingAsserts":3,"retryReasons":[],"startAt":1789415718418,"status":"passed","title":"Debe rechazar la creación de un Joyero si falta la cédula/ID o el nombre"},{"ancestorTitles":["PRUEBAS UNITARIAS - Gestión de Joyeros (RF-001)","CP-044: Formato email Joyero"],"duration":8,"failing":false,"failureDetails":[],"failureMessages":[],"fullName":"PRUEBAS UNITARIAS - Gestión de Joyeros (RF-001) CP-044: Formato email Joyero Debe rechazar la creación de un Joyero si su correo no cumple con la sintaxis de email","invocations":1,"location":null,"numPassingAsserts":1,"retryReasons":[],"startAt":1789415718441,"status":"passed","title":"Debe rechazar la creación de un Joyero si su correo no cumple con la sintaxis de email"},{"ancestorTitles":["PRUEBAS UNITARIAS - Gestión de Joyeros (RF-001)","CP-045: Unicidad documento UI"],"duration":3,"failing":false,"failureDetails":[],"failureMessages":[],"fullName":"PRUEBAS UNITARIAS - Gestión de Joyeros (RF-001) CP-045: Unicidad documento UI Debe realizar validación de unicidad preventiva antes de intentar la creación","invocations":1,"location":null,"numPassingAsserts":1,"retryReasons":[],"startAt":1789415718449,"status":"passed","title":"Debe realizar validación de unicidad preventiva antes de intentar la creación"},{"ancestorTitles":["PRUEBAS UNITARIAS - Gestión de Joyeros (RF-001)","CP-050: Filtro Joyero sin datos"],"duration":2,"failing":false,"failureDetails":[],"failureMessages":[],"fullName":"PRUEBAS UNITARIAS - Gestión de Joyeros (RF-001) CP-050: Filtro Joyero sin datos Debe retornar un arreglo vacío si no existen joyeros registrados","invocations":1,"location":null,"numPassingAsserts":2,"retryReasons":[],"startAt":1789415718452,"status":"passed","title":"Debe retornar un arreglo vacío si no existen joyeros registrados"},{"ancestorTitles":["PRUEBAS UNITARIAS - Gestión de Joyeros (RF-001)","CP-054: Campos requeridos ed. Joyero"],"duration":2,"failing":false,"failureDetails":[],"failureMessages":[],"fullName":"PRUEBAS UNITARIAS - Gestión de Joyeros (RF-001) CP-054: Campos requeridos ed. Joyero Debe rechazar la edición de un Joyero si el nombre está vacío","invocations":1,"location":null,"numPassingAsserts":1,"retryReasons":[],"startAt":1789415718455,"status":"passed","title":"Debe rechazar la edición de un Joyero si el nombre está vacío"},{"ancestorTitles":["PRUEBAS UNITARIAS - Gestión de Joyeros (RF-001)","CP-055: Formato email ed. Joyero"],"duration":2,"failing":false,"failureDetails":[],"failureMessages":[],"fullName":"PRUEBAS UNITARIAS - Gestión de Joyeros (RF-001) CP-055: Formato email ed. Joyero Debe rechazar la edición del correo del Joyero si la sintaxis es inválida","invocations":1,"location":null,"numPassingAsserts":1,"retryReasons":[],"startAt":1789415718457,"status":"passed","title":"Debe rechazar la edición del correo del Joyero si la sintaxis es inválida"},{"ancestorTitles":["PRUEBAS UNITARIAS - Gestión de Joyeros (RF-001)","CP-058: Inmutabilidad doc Joyero"],"duration":2,"failing":false,"failureDetails":[],"failureMessages":[],"fullName":"PRUEBAS UNITARIAS - Gestión de Joyeros (RF-001) CP-058: Inmutabilidad doc Joyero Debe mantener intacta la cédula/ID del Joyero durante la edición de su perfil","invocations":1,"location":null,"numPassingAsserts":2,"retryReasons":[],"startAt":1789415718459,"status":"passed","title":"Debe mantener intacta la cédula/ID del Joyero durante la edición de su perfil"},{"ancestorTitles":["PRUEBAS UNITARIAS - Gestión de Joyeros (RF-001)","CP-062: Mensaje Joyero ya inactivo"],"duration":3,"failing":false,"failureDetails":[],"failureMessages":[],"fullName":"PRUEBAS UNITARIAS - Gestión de Joyeros (RF-001) CP-062: Mensaje Joyero ya inactivo Debe rechazar con BadRequestException si se intenta desactivar a un Joyero previamente inactivo","invocations":1,"location":null,"numPassingAsserts":1,"retryReasons":[],"startAt":1789415718461,"status":"passed","title":"Debe rechazar con BadRequestException si se intenta desactivar a un Joyero previamente inactivo"},{"ancestorTitles":["PRUEBAS UNITARIAS - Gestión de Joyeros (RF-001)","CP-064: Cancelar desactiva Joyero"],"duration":1,"failing":false,"failureDetails":[],"failureMessages":[],"fullName":"PRUEBAS UNITARIAS - Gestión de Joyeros (RF-001) CP-064: Cancelar desactiva Joyero Debe preservar el estado Activo del Joyero si la deshabilitación es cancelada","invocations":1,"location":null,"numPassingAsserts":2,"retryReasons":[],"startAt":1789415718464,"status":"passed","title":"Debe preservar el estado Activo del Joyero si la deshabilitación es cancelada"}],"endTime":1789415718466,"message":"","name":"C:\\Users\\joale\\OneDrive\\Desktop\\Skainet_FI\\test\\unitarias\\usuarios-joyeros.unit.spec.ts","startTime":1789415718101,"status":"passed","summary":""},{"assertionResults":[{"ancestorTitles":["PRUEBAS UNITARIAS - Gestión Administrativa (RF-001)","CP-010: Campos requeridos Admin"],"duration":23,"failing":false,"failureDetails":[],"failureMessages":[],"fullName":"PRUEBAS UNITARIAS - Gestión Administrativa (RF-001) CP-010: Campos requeridos Admin Debe rechazar la creación de un Admin si falta la cédula/ID o el nombre","invocations":1,"location":null,"numPassingAsserts":3,"retryReasons":[],"startAt":1789415718804,"status":"passed","title":"Debe rechazar la creación de un Admin si falta la cédula/ID o el nombre"},{"ancestorTitles":["PRUEBAS UNITARIAS - Gestión Administrativa (RF-001)","CP-012: Formato email Admin"],"duration":2,"failing":false,"failureDetails":[],"failureMessages":[],"fullName":"PRUEBAS UNITARIAS - Gestión Administrativa (RF-001) CP-012: Formato email Admin Debe rechazar correos con sintaxis inválida y permitir formatos correctos","invocations":1,"location":null,"numPassingAsserts":7,"retryReasons":[],"startAt":1789415718827,"status":"passed","title":"Debe rechazar correos con sintaxis inválida y permitir formatos correctos"},{"ancestorTitles":["PRUEBAS UNITARIAS - Gestión Administrativa (RF-001)","CP-013: Documento no modificable"],"duration":3,"failing":false,"failureDetails":[],"failureMessages":[],"fullName":"PRUEBAS UNITARIAS - Gestión Administrativa (RF-001) CP-013: Documento no modificable Debe mantener inalterada la cédula/ID del Administrador durante la edición","invocations":1,"location":null,"numPassingAsserts":3,"retryReasons":[],"startAt":1789415718829,"status":"passed","title":"Debe mantener inalterada la cédula/ID del Administrador durante la edición"},{"ancestorTitles":["PRUEBAS UNITARIAS - Gestión Administrativa (RF-001)","CP-016: Validación cliente Admin"],"duration":2,"failing":false,"failureDetails":[],"failureMessages":[],"fullName":"PRUEBAS UNITARIAS - Gestión Administrativa (RF-001) CP-016: Validación cliente Admin Debe validar la presencia y consistencia de los tipos de datos de entrada obligatorios","invocations":1,"location":null,"numPassingAsserts":1,"retryReasons":[],"startAt":1789415718832,"status":"passed","title":"Debe validar la presencia y consistencia de los tipos de datos de entrada obligatorios"},{"ancestorTitles":["PRUEBAS UNITARIAS - Gestión Administrativa (RF-001)","CP-019: Filtro Admin sin datos"],"duration":2,"failing":false,"failureDetails":[],"failureMessages":[],"fullName":"PRUEBAS UNITARIAS - Gestión Administrativa (RF-001) CP-019: Filtro Admin sin datos Debe retornar una lista vacía de forma limpia cuando no existan administradores","invocations":1,"location":null,"numPassingAsserts":3,"retryReasons":[],"startAt":1789415718834,"status":"passed","title":"Debe retornar una lista vacía de forma limpia cuando no existan administradores"},{"ancestorTitles":["PRUEBAS UNITARIAS - Gestión Administrativa (RF-001)","CP-024: Campos requeridos edición"],"duration":5,"failing":false,"failureDetails":[],"failureMessages":[],"fullName":"PRUEBAS UNITARIAS - Gestión Administrativa (RF-001) CP-024: Campos requeridos edición Debe rechazar la edición de un Admin si el nombre está vacío","invocations":1,"location":null,"numPassingAsserts":2,"retryReasons":[],"startAt":1789415718837,"status":"passed","title":"Debe rechazar la edición de un Admin si el nombre está vacío"},{"ancestorTitles":["PRUEBAS UNITARIAS - Gestión Administrativa (RF-001)","CP-025: Formato email edición"],"duration":2,"failing":false,"failureDetails":[],"failureMessages":[],"fullName":"PRUEBAS UNITARIAS - Gestión Administrativa (RF-001) CP-025: Formato email edición Debe rechazar la actualización de correo si el formato ingresado es sintácticamente inválido","invocations":1,"location":null,"numPassingAsserts":1,"retryReasons":[],"startAt":1789415718842,"status":"passed","title":"Debe rechazar la actualización de correo si el formato ingresado es sintácticamente inválido"},{"ancestorTitles":["PRUEBAS UNITARIAS - Gestión Administrativa (RF-001)","CP-028: Inmutabilidad documento"],"duration":2,"failing":false,"failureDetails":[],"failureMessages":[],"fullName":"PRUEBAS UNITARIAS - Gestión Administrativa (RF-001) CP-028: Inmutabilidad documento Debe garantizar que la clave primaria (cédula/ID) no cambie durante la edición","invocations":1,"location":null,"numPassingAsserts":2,"retryReasons":[],"startAt":1789415718844,"status":"passed","title":"Debe garantizar que la clave primaria (cédula/ID) no cambie durante la edición"},{"ancestorTitles":["PRUEBAS UNITARIAS - Gestión Administrativa (RF-001)","CP-030: Edición parcial Admin"],"duration":2,"failing":false,"failureDetails":[],"failureMessages":[],"fullName":"PRUEBAS UNITARIAS - Gestión Administrativa (RF-001) CP-030: Edición parcial Admin Debe actualizar de forma limpia solo los campos especificados en el payload","invocations":1,"location":null,"numPassingAsserts":2,"retryReasons":[],"startAt":1789415718846,"status":"passed","title":"Debe actualizar de forma limpia solo los campos especificados en el payload"},{"ancestorTitles":["PRUEBAS UNITARIAS - Gestión Administrativa (RF-001)","CP-032: Mensaje Admin ya inactivo"],"duration":1,"failing":false,"failureDetails":[],"failureMessages":[],"fullName":"PRUEBAS UNITARIAS - Gestión Administrativa (RF-001) CP-032: Mensaje Admin ya inactivo Debe lanzar BadRequestException al intentar desactivar a un Admin previamente inactivo","invocations":1,"location":null,"numPassingAsserts":2,"retryReasons":[],"startAt":1789415718848,"status":"passed","title":"Debe lanzar BadRequestException al intentar desactivar a un Admin previamente inactivo"},{"ancestorTitles":["PRUEBAS UNITARIAS - Gestión Administrativa (RF-001)","CP-034: Cancelar desactivación"],"duration":2,"failing":false,"failureDetails":[],"failureMessages":[],"fullName":"PRUEBAS UNITARIAS - Gestión Administrativa (RF-001) CP-034: Cancelar desactivación Debe preservar el estado Activo del usuario si la acción de desactivación se cancela","invocations":1,"location":null,"numPassingAsserts":2,"retryReasons":[],"startAt":1789415718849,"status":"passed","title":"Debe preservar el estado Activo del usuario si la acción de desactivación se cancela"},{"ancestorTitles":["PRUEBAS UNITARIAS - Gestión Administrativa (RF-001)","CP-035: Bloqueo autodesactivación"],"duration":2,"failing":false,"failureDetails":[],"failureMessages":[],"fullName":"PRUEBAS UNITARIAS - Gestión Administrativa (RF-001) CP-035: Bloqueo autodesactivación Debe rechazar con BadRequestException si un usuario intenta desactivar su propia cuenta","invocations":1,"location":null,"numPassingAsserts":2,"retryReasons":[],"startAt":1789415718851,"status":"passed","title":"Debe rechazar con BadRequestException si un usuario intenta desactivar su propia cuenta"}],"endTime":1789415718854,"message":"","name":"C:\\Users\\joale\\OneDrive\\Desktop\\Skainet_FI\\test\\unitarias\\usuarios.unit.spec.ts","startTime":1789415718475,"status":"passed","summary":""},{"assertionResults":[{"ancestorTitles":["PRUEBAS DE INTEGRACIÓN - Control de Maquinaria (RF-007)","CP-114: Registro de nueva máquina"],"duration":5,"failing":false,"failureDetails":[],"failureMessages":[],"fullName":"PRUEBAS DE INTEGRACIÓN - Control de Maquinaria (RF-007) CP-114: Registro de nueva máquina Debe registrar exitosamente una nueva máquina en la BD con su tipo y umbral de mantenimiento","invocations":1,"location":null,"numPassingAsserts":2,"retryReasons":[],"startAt":1789415719117,"status":"passed","title":"Debe registrar exitosamente una nueva máquina en la BD con su tipo y umbral de mantenimiento"},{"ancestorTitles":["PRUEBAS DE INTEGRACIÓN - Control de Maquinaria (RF-007)","CP-116: Asignación de mantenimiento"],"duration":2,"failing":false,"failureDetails":[],"failureMessages":[],"fullName":"PRUEBAS DE INTEGRACIÓN - Control de Maquinaria (RF-007) CP-116: Asignación de mantenimiento Debe restablecer el conteo de ciclos y actualizar la fecha de último mantenimiento en BD","invocations":1,"location":null,"numPassingAsserts":3,"retryReasons":[],"startAt":1789415719122,"status":"passed","title":"Debe restablecer el conteo de ciclos y actualizar la fecha de último mantenimiento en BD"},{"ancestorTitles":["PRUEBAS DE INTEGRACIÓN - Control de Maquinaria (RF-007)","CP-117: Registro de falla en máquina"],"duration":1,"failing":false,"failureDetails":[],"failureMessages":[],"fullName":"PRUEBAS DE INTEGRACIÓN - Control de Maquinaria (RF-007) CP-117: Registro de falla en máquina Debe cambiar el estado de la máquina a DOWN y emitir una alerta CRITICAL tras el reporte de error","invocations":1,"location":null,"numPassingAsserts":2,"retryReasons":[],"startAt":1789415719125,"status":"passed","title":"Debe cambiar el estado de la máquina a DOWN y emitir una alerta CRITICAL tras el reporte de error"},{"ancestorTitles":["PRUEBAS DE INTEGRACIÓN - Control de Maquinaria (RF-007)","CP-118: Auditoría de máquinas"],"duration":2,"failing":false,"failureDetails":[],"failureMessages":[],"fullName":"PRUEBAS DE INTEGRACIÓN - Control de Maquinaria (RF-007) CP-118: Auditoría de máquinas Debe auditar los avisos de mantenimiento preventivo al alcanzar el límite de ciclos","invocations":1,"location":null,"numPassingAsserts":1,"retryReasons":[],"startAt":1789415719126,"status":"passed","title":"Debe auditar los avisos de mantenimiento preventivo al alcanzar el límite de ciclos"},{"ancestorTitles":["PRUEBAS DE INTEGRACIÓN - Control de Maquinaria (RF-007)","CP-119: Bloqueo máquina en falla"],"duration":1,"failing":false,"failureDetails":[],"failureMessages":[],"fullName":"PRUEBAS DE INTEGRACIÓN - Control de Maquinaria (RF-007) CP-119: Bloqueo máquina en falla Debe verificar que una máquina en estado DOWN sea identificada como no operativa","invocations":1,"location":null,"numPassingAsserts":1,"retryReasons":[],"startAt":1789415719128,"status":"passed","title":"Debe verificar que una máquina en estado DOWN sea identificada como no operativa"},{"ancestorTitles":["PRUEBAS DE INTEGRACIÓN - Control de Maquinaria (RF-007)","CP-120: Consulta de máquinas"],"duration":3,"failing":false,"failureDetails":[],"failureMessages":[],"fullName":"PRUEBAS DE INTEGRACIÓN - Control de Maquinaria (RF-007) CP-120: Consulta de máquinas Debe consultar y listar la totalidad de los equipos de producción desde la base de datos","invocations":1,"location":null,"numPassingAsserts":2,"retryReasons":[],"startAt":1789415719129,"status":"passed","title":"Debe consultar y listar la totalidad de los equipos de producción desde la base de datos"}],"endTime":1789415719132,"message":"","name":"C:\\Users\\joale\\OneDrive\\Desktop\\Skainet_FI\\test\\integracion\\maquinaria.integration.spec.ts","startTime":1789415718860,"status":"passed","summary":""},{"assertionResults":[{"ancestorTitles":["RecoveryService - Pruebas Unitarias"],"duration":5,"failing":false,"failureDetails":[],"failureMessages":[],"fullName":"RecoveryService - Pruebas Unitarias 1. getStats: Debe retornar las estadísticas iniciales en cero y sin historial","invocations":1,"location":null,"numPassingAsserts":3,"retryReasons":[],"startAt":1789415719378,"status":"passed","title":"1. getStats: Debe retornar las estadísticas iniciales en cero y sin historial"},{"ancestorTitles":["RecoveryService - Pruebas Unitarias"],"duration":2,"failing":false,"failureDetails":[],"failureMessages":[],"fullName":"RecoveryService - Pruebas Unitarias 2. addWaste: Debe acumular residuo y agregar registro de tipo ENTRY al historial","invocations":1,"location":null,"numPassingAsserts":3,"retryReasons":[],"startAt":1789415719383,"status":"passed","title":"2. addWaste: Debe acumular residuo y agregar registro de tipo ENTRY al historial"},{"ancestorTitles":["RecoveryService - Pruebas Unitarias"],"duration":5,"failing":false,"failureDetails":[],"failureMessages":[],"fullName":"RecoveryService - Pruebas Unitarias 3. refineResidues: Debe calcular la eficiencia de refinación y reducir el residuo acumulado","invocations":1,"location":null,"numPassingAsserts":4,"retryReasons":[],"startAt":1789415719385,"status":"passed","title":"3. refineResidues: Debe calcular la eficiencia de refinación y reducir el residuo acumulado"},{"ancestorTitles":["RecoveryService - Pruebas Unitarias"],"duration":9,"failing":false,"failureDetails":[],"failureMessages":[],"fullName":"RecoveryService - Pruebas Unitarias 4. refineResidues: Debe lanzar error si se intenta procesar más residuo del acumulado","invocations":1,"location":null,"numPassingAsserts":1,"retryReasons":[],"startAt":1789415719390,"status":"passed","title":"4. refineResidues: Debe lanzar error si se intenta procesar más residuo del acumulado"},{"ancestorTitles":["RecoveryService - Pruebas Unitarias"],"duration":2,"failing":false,"failureDetails":[],"failureMessages":[],"fullName":"RecoveryService - Pruebas Unitarias 5. Debe mantener consistencia del balance acumulado tras múltiples entradas y refinaciones","invocations":1,"location":null,"numPassingAsserts":2,"retryReasons":[],"startAt":1789415719399,"status":"passed","title":"5. Debe mantener consistencia del balance acumulado tras múltiples entradas y refinaciones"}],"endTime":1789415719402,"message":"","name":"C:\\Users\\joale\\OneDrive\\Desktop\\Skainet_FI\\Skainet-API\\pruebas\\recovery.service.spec.ts","startTime":1789415719141,"status":"passed","summary":""},{"assertionResults":[{"ancestorTitles":["BatchesController"],"duration":6,"failing":false,"failureDetails":[],"failureMessages":[],"fullName":"BatchesController should be defined","invocations":1,"location":null,"numPassingAsserts":1,"retryReasons":[],"startAt":1789415719803,"status":"passed","title":"should be defined"}],"endTime":1789415719810,"message":"","name":"C:\\Users\\joale\\OneDrive\\Desktop\\Skainet_FI\\Skainet-API\\src\\batches\\batches.controller.spec.ts","startTime":1789415719408,"status":"passed","summary":""},{"assertionResults":[{"ancestorTitles":["PRUEBAS DE INTEGRACIÓN - Producción y Mermas (RF-006)","CP-106: Registro de pesaje inicial"],"duration":6,"failing":false,"failureDetails":[],"failureMessages":[],"fullName":"PRUEBAS DE INTEGRACIÓN - Producción y Mermas (RF-006) CP-106: Registro de pesaje inicial Debe registrar con precisión el peso inicial total del anillo, plastilina y bolsa en la BD","invocations":1,"location":null,"numPassingAsserts":1,"retryReasons":[],"startAt":1789415720135,"status":"passed","title":"Debe registrar con precisión el peso inicial total del anillo, plastilina y bolsa en la BD"},{"ancestorTitles":["PRUEBAS DE INTEGRACIÓN - Producción y Mermas (RF-006)","CP-107: Registro de pesaje final"],"duration":2,"failing":false,"failureDetails":[],"failureMessages":[],"fullName":"PRUEBAS DE INTEGRACIÓN - Producción y Mermas (RF-006) CP-107: Registro de pesaje final Debe registrar el pesaje final retornado al cerrar la orden en la BD","invocations":1,"location":null,"numPassingAsserts":2,"retryReasons":[],"startAt":1789415720141,"status":"passed","title":"Debe registrar el pesaje final retornado al cerrar la orden en la BD"},{"ancestorTitles":["PRUEBAS DE INTEGRACIÓN - Producción y Mermas (RF-006)","CP-109: Tolerancia de merma excedida"],"duration":2,"failing":false,"failureDetails":[],"failureMessages":[],"fullName":"PRUEBAS DE INTEGRACIÓN - Producción y Mermas (RF-006) CP-109: Tolerancia de merma excedida Debe generar automáticamente una alerta CRITICAL si la merma excede el umbral de tolerancia de 0.05g","invocations":1,"location":null,"numPassingAsserts":2,"retryReasons":[],"startAt":1789415720143,"status":"passed","title":"Debe generar automáticamente una alerta CRITICAL si la merma excede el umbral de tolerancia de 0.05g"},{"ancestorTitles":["PRUEBAS DE INTEGRACIÓN - Producción y Mermas (RF-006)","CP-111: Justificación de merma alta"],"duration":14,"failing":false,"failureDetails":[],"failureMessages":[],"fullName":"PRUEBAS DE INTEGRACIÓN - Producción y Mermas (RF-006) CP-111: Justificación de merma alta Debe exigir el parámetro explanation de forma obligatoria cuando la merma exceda la tolerancia","invocations":1,"location":null,"numPassingAsserts":1,"retryReasons":[],"startAt":1789415720145,"status":"passed","title":"Debe exigir el parámetro explanation de forma obligatoria cuando la merma exceda la tolerancia"},{"ancestorTitles":["PRUEBAS DE INTEGRACIÓN - Producción y Mermas (RF-006)","CP-112: Auditoría de mermas"],"duration":2,"failing":false,"failureDetails":[],"failureMessages":[],"fullName":"PRUEBAS DE INTEGRACIÓN - Producción y Mermas (RF-006) CP-112: Auditoría de mermas Debe guardar el registro exacto de la merma calculada en el historial del pedido","invocations":1,"location":null,"numPassingAsserts":2,"retryReasons":[],"startAt":1789415720159,"status":"passed","title":"Debe guardar el registro exacto de la merma calculada en el historial del pedido"},{"ancestorTitles":["PRUEBAS DE INTEGRACIÓN - Producción y Mermas (RF-006)","CP-113: Historial de mermas por joyero"],"duration":2,"failing":false,"failureDetails":[],"failureMessages":[],"fullName":"PRUEBAS DE INTEGRACIÓN - Producción y Mermas (RF-006) CP-113: Historial de mermas por joyero Debe consultar las órdenes cerradas por el Joyero para obtener su promedio de mermas acumulado","invocations":1,"location":null,"numPassingAsserts":2,"retryReasons":[],"startAt":1789415720161,"status":"passed","title":"Debe consultar las órdenes cerradas por el Joyero para obtener su promedio de mermas acumulado"}],"endTime":1789415720164,"message":"","name":"C:\\Users\\joale\\OneDrive\\Desktop\\Skainet_FI\\test\\integracion\\produccion-mermas.integration.spec.ts","startTime":1789415719824,"status":"passed","summary":""},{"assertionResults":[{"ancestorTitles":["PRUEBAS DE INTEGRACIÓN - Seguridad y Desastres (RF-014)","CP-153: Respaldos automáticos BD"],"duration":6,"failing":false,"failureDetails":[],"failureMessages":[],"fullName":"PRUEBAS DE INTEGRACIÓN - Seguridad y Desastres (RF-014) CP-153: Respaldos automáticos BD Debe generar la metadata y verificar la integridad de la copia de seguridad de la BD","invocations":1,"location":null,"numPassingAsserts":2,"retryReasons":[],"startAt":1789415720460,"status":"passed","title":"Debe generar la metadata y verificar la integridad de la copia de seguridad de la BD"},{"ancestorTitles":["PRUEBAS DE INTEGRACIÓN - Seguridad y Desastres (RF-014)","CP-154: Restauración de base de datos"],"duration":2,"failing":false,"failureDetails":[],"failureMessages":[],"fullName":"PRUEBAS DE INTEGRACIÓN - Seguridad y Desastres (RF-014) CP-154: Restauración de base de datos Debe procesar la restauración del esquema y datos desde una copia de respaldo válida","invocations":1,"location":null,"numPassingAsserts":2,"retryReasons":[],"startAt":1789415720467,"status":"passed","title":"Debe procesar la restauración del esquema y datos desde una copia de respaldo válida"},{"ancestorTitles":["PRUEBAS DE INTEGRACIÓN - Seguridad y Desastres (RF-014)","CP-156: Detección de accesos no autorizados"],"duration":9,"failing":false,"failureDetails":[],"failureMessages":[],"fullName":"PRUEBAS DE INTEGRACIÓN - Seguridad y Desastres (RF-014) CP-156: Detección de accesos no autorizados Debe inhabilitar temporalmente a la cuenta al llegar a 5 intentos fallidos consecutivos","invocations":1,"location":null,"numPassingAsserts":2,"retryReasons":[],"startAt":1789415720469,"status":"passed","title":"Debe inhabilitar temporalmente a la cuenta al llegar a 5 intentos fallidos consecutivos"},{"ancestorTitles":["PRUEBAS DE INTEGRACIÓN - Seguridad y Desastres (RF-014)","CP-157: Auditoría de seguridad"],"duration":6,"failing":false,"failureDetails":[],"failureMessages":[],"fullName":"PRUEBAS DE INTEGRACIÓN - Seguridad y Desastres (RF-014) CP-157: Auditoría de seguridad Debe registrar en los logs de seguridad cada intento fallido de autenticación","invocations":1,"location":null,"numPassingAsserts":2,"retryReasons":[],"startAt":1789415720478,"status":"passed","title":"Debe registrar en los logs de seguridad cada intento fallido de autenticación"}],"endTime":1789415720485,"message":"","name":"C:\\Users\\joale\\OneDrive\\Desktop\\Skainet_FI\\test\\integracion\\seguridad-desastres.integration.spec.ts","startTime":1789415720170,"status":"passed","summary":""},{"assertionResults":[{"ancestorTitles":["PRUEBAS DE INTEGRACIÓN - Recuperación de Contraseña (RF-003)","CP-079: Flujo completo recuperación"],"duration":3,"failing":false,"failureDetails":[],"failureMessages":[],"fullName":"PRUEBAS DE INTEGRACIÓN - Recuperación de Contraseña (RF-003) CP-079: Flujo completo recuperación Debe generar la contraseña temporal e indicar el cambio obligatorio para el usuario registrado","invocations":1,"location":null,"numPassingAsserts":2,"retryReasons":[],"startAt":1789415720705,"status":"passed","title":"Debe generar la contraseña temporal e indicar el cambio obligatorio para el usuario registrado"},{"ancestorTitles":["PRUEBAS DE INTEGRACIÓN - Recuperación de Contraseña (RF-003)","CP-080: Documento inexistente rec."],"duration":2,"failing":false,"failureDetails":[],"failureMessages":[],"fullName":"PRUEBAS DE INTEGRACIÓN - Recuperación de Contraseña (RF-003) CP-080: Documento inexistente rec. Debe responder de forma segura y uniforme cuando se solicita recuperación para un ID no registrado","invocations":1,"location":null,"numPassingAsserts":1,"retryReasons":[],"startAt":1789415720708,"status":"passed","title":"Debe responder de forma segura y uniforme cuando se solicita recuperación para un ID no registrado"},{"ancestorTitles":["PRUEBAS DE INTEGRACIÓN - Recuperación de Contraseña (RF-003)","CP-082: Token expirado de rec."],"duration":8,"failing":false,"failureDetails":[],"failureMessages":[],"fullName":"PRUEBAS DE INTEGRACIÓN - Recuperación de Contraseña (RF-003) CP-082: Token expirado de rec. Debe rechazar la solicitud de restablecimiento si el token ha expirado","invocations":1,"location":null,"numPassingAsserts":1,"retryReasons":[],"startAt":1789415720710,"status":"passed","title":"Debe rechazar la solicitud de restablecimiento si el token ha expirado"},{"ancestorTitles":["PRUEBAS DE INTEGRACIÓN - Recuperación de Contraseña (RF-003)","CP-084: Auditoría restablecimiento"],"duration":2,"failing":false,"failureDetails":[],"failureMessages":[],"fullName":"PRUEBAS DE INTEGRACIÓN - Recuperación de Contraseña (RF-003) CP-084: Auditoría restablecimiento Debe registrar de forma precisa en auditoría el evento de cambio o restablecimiento de clave","invocations":1,"location":null,"numPassingAsserts":1,"retryReasons":[],"startAt":1789415720718,"status":"passed","title":"Debe registrar de forma precisa en auditoría el evento de cambio o restablecimiento de clave"}],"endTime":1789415720720,"message":"","name":"C:\\Users\\joale\\OneDrive\\Desktop\\Skainet_FI\\test\\integracion\\recuperacion.integration.spec.ts","startTime":1789415720492,"status":"passed","summary":""},{"assertionResults":[{"ancestorTitles":["ClientOrdersService - Pruebas Unitarias"],"duration":3,"failing":false,"failureDetails":[],"failureMessages":[],"fullName":"ClientOrdersService - Pruebas Unitarias 1. findAll: Debe listar todos los pedidos de clientes","invocations":1,"location":null,"numPassingAsserts":3,"retryReasons":[],"startAt":1789415720923,"status":"passed","title":"1. findAll: Debe listar todos los pedidos de clientes"},{"ancestorTitles":["ClientOrdersService - Pruebas Unitarias"],"duration":2,"failing":false,"failureDetails":[],"failureMessages":[],"fullName":"ClientOrdersService - Pruebas Unitarias 2. create: Debe generar una nueva orden de cliente con shortId de 4 dígitos y estado inicial En Espera","invocations":1,"location":null,"numPassingAsserts":5,"retryReasons":[],"startAt":1789415720926,"status":"passed","title":"2. create: Debe generar una nueva orden de cliente con shortId de 4 dígitos y estado inicial En Espera"},{"ancestorTitles":["ClientOrdersService - Pruebas Unitarias"],"duration":2,"failing":false,"failureDetails":[],"failureMessages":[],"fullName":"ClientOrdersService - Pruebas Unitarias 3. create: Debe enviar notificación al cliente vía WhatsApp cuando se especifica número de teléfono","invocations":1,"location":null,"numPassingAsserts":1,"retryReasons":[],"startAt":1789415720928,"status":"passed","title":"3. create: Debe enviar notificación al cliente vía WhatsApp cuando se especifica número de teléfono"},{"ancestorTitles":["ClientOrdersService - Pruebas Unitarias"],"duration":2,"failing":false,"failureDetails":[],"failureMessages":[],"fullName":"ClientOrdersService - Pruebas Unitarias 4. updateStatus: Debe actualizar el estado y el paso del proceso (stepIndex)","invocations":1,"location":null,"numPassingAsserts":2,"retryReasons":[],"startAt":1789415720930,"status":"passed","title":"4. updateStatus: Debe actualizar el estado y el paso del proceso (stepIndex)"}],"endTime":1789415720932,"message":"","name":"C:\\Users\\joale\\OneDrive\\Desktop\\Skainet_FI\\Skainet-API\\pruebas\\client-orders.service.spec.ts","startTime":1789415720724,"status":"passed","summary":""},{"assertionResults":[{"ancestorTitles":["AuthService - Pruebas Unitarias"],"duration":4,"failing":false,"failureDetails":[],"failureMessages":[],"fullName":"AuthService - Pruebas Unitarias 1. Debe realizar login exitosamente con credenciales válidas","invocations":1,"location":null,"numPassingAsserts":3,"retryReasons":[],"startAt":1789415721166,"status":"passed","title":"1. Debe realizar login exitosamente con credenciales válidas"},{"ancestorTitles":["AuthService - Pruebas Unitarias"],"duration":7,"failing":false,"failureDetails":[],"failureMessages":[],"fullName":"AuthService - Pruebas Unitarias 2. Debe lanzar UnauthorizedException cuando la contraseña sea incorrecta","invocations":1,"location":null,"numPassingAsserts":2,"retryReasons":[],"startAt":1789415721170,"status":"passed","title":"2. Debe lanzar UnauthorizedException cuando la contraseña sea incorrecta"},{"ancestorTitles":["AuthService - Pruebas Unitarias"],"duration":2,"failing":false,"failureDetails":[],"failureMessages":[],"fullName":"AuthService - Pruebas Unitarias 3. Debe lanzar UnauthorizedException cuando el usuario no existe","invocations":1,"location":null,"numPassingAsserts":1,"retryReasons":[],"startAt":1789415721177,"status":"passed","title":"3. Debe lanzar UnauthorizedException cuando el usuario no existe"},{"ancestorTitles":["AuthService - Pruebas Unitarias"],"duration":1,"failing":false,"failureDetails":[],"failureMessages":[],"fullName":"AuthService - Pruebas Unitarias 4. Debe armar el payload de JWT con id, username y rol del usuario","invocations":1,"location":null,"numPassingAsserts":1,"retryReasons":[],"startAt":1789415721179,"status":"passed","title":"4. Debe armar el payload de JWT con id, username y rol del usuario"},{"ancestorTitles":["AuthService - Pruebas Unitarias"],"duration":2,"failing":false,"failureDetails":[],"failureMessages":[],"fullName":"AuthService - Pruebas Unitarias 5. Debe retornar la estructura completa de usuario conservando sus campos","invocations":1,"location":null,"numPassingAsserts":3,"retryReasons":[],"startAt":1789415721180,"status":"passed","title":"5. Debe retornar la estructura completa de usuario conservando sus campos"}],"endTime":1789415721183,"message":"","name":"C:\\Users\\joale\\OneDrive\\Desktop\\Skainet_FI\\Skainet-API\\pruebas\\auth.service.spec.ts","startTime":1789415720940,"status":"passed","summary":""},{"assertionResults":[{"ancestorTitles":["PRUEBAS DE INTEGRACIÓN - Autenticación y Sesión (RF-002)","CP-004: Login exitoso con clave válida"],"duration":6,"failing":false,"failureDetails":[],"failureMessages":[],"fullName":"PRUEBAS DE INTEGRACIÓN - Autenticación y Sesión (RF-002) CP-004: Login exitoso con clave válida Debe autenticar correctamente con credenciales válidas y emitir un token JWT","invocations":1,"location":null,"numPassingAsserts":3,"retryReasons":[],"startAt":1789415721412,"status":"passed","title":"Debe autenticar correctamente con credenciales válidas y emitir un token JWT"},{"ancestorTitles":["PRUEBAS DE INTEGRACIÓN - Autenticación y Sesión (RF-002)","CP-005: Flujo primer ingreso usuario"],"duration":2,"failing":false,"failureDetails":[],"failureMessages":[],"fullName":"PRUEBAS DE INTEGRACIÓN - Autenticación y Sesión (RF-002) CP-005: Flujo primer ingreso usuario Debe incluir la bandera mustChangePassword = true en el login si es el primer ingreso","invocations":1,"location":null,"numPassingAsserts":1,"retryReasons":[],"startAt":1789415721418,"status":"passed","title":"Debe incluir la bandera mustChangePassword = true en el login si es el primer ingreso"},{"ancestorTitles":["PRUEBAS DE INTEGRACIÓN - Autenticación y Sesión (RF-002)","CP-069: Inicio de sesión correcto"],"duration":4,"failing":false,"failureDetails":[],"failureMessages":[],"fullName":"PRUEBAS DE INTEGRACIÓN - Autenticación y Sesión (RF-002) CP-069: Inicio de sesión correcto Debe retornar la estructura completa de sesión tras una autenticación válida","invocations":1,"location":null,"numPassingAsserts":2,"retryReasons":[],"startAt":1789415721420,"status":"passed","title":"Debe retornar la estructura completa de sesión tras una autenticación válida"},{"ancestorTitles":["PRUEBAS DE INTEGRACIÓN - Autenticación y Sesión (RF-002)","CP-070: Mensaje genérico de error"],"duration":9,"failing":false,"failureDetails":[],"failureMessages":[],"fullName":"PRUEBAS DE INTEGRACIÓN - Autenticación y Sesión (RF-002) CP-070: Mensaje genérico de error Debe responder con un mensaje neutro sin indicar si el campo erróneo fue la cédula o la contraseña","invocations":1,"location":null,"numPassingAsserts":2,"retryReasons":[],"startAt":1789415721424,"status":"passed","title":"Debe responder con un mensaje neutro sin indicar si el campo erróneo fue la cédula o la contraseña"},{"ancestorTitles":["PRUEBAS DE INTEGRACIÓN - Autenticación y Sesión (RF-002)","CP-071: Bloqueo usuario Inactivo"],"duration":3,"failing":false,"failureDetails":[],"failureMessages":[],"fullName":"PRUEBAS DE INTEGRACIÓN - Autenticación y Sesión (RF-002) CP-071: Bloqueo usuario Inactivo Debe rechazar el inicio de sesión si la cuenta tiene accountStatus = Inactivo","invocations":1,"location":null,"numPassingAsserts":1,"retryReasons":[],"startAt":1789415721434,"status":"passed","title":"Debe rechazar el inicio de sesión si la cuenta tiene accountStatus = Inactivo"},{"ancestorTitles":["PRUEBAS DE INTEGRACIÓN - Autenticación y Sesión (RF-002)","CP-072: Redirección cambio clave"],"duration":2,"failing":false,"failureDetails":[],"failureMessages":[],"fullName":"PRUEBAS DE INTEGRACIÓN - Autenticación y Sesión (RF-002) CP-072: Redirección cambio clave Debe advertir requerimiento de cambio obligatorio cuando mustChangePassword sea true","invocations":1,"location":null,"numPassingAsserts":1,"retryReasons":[],"startAt":1789415721437,"status":"passed","title":"Debe advertir requerimiento de cambio obligatorio cuando mustChangePassword sea true"},{"ancestorTitles":["PRUEBAS DE INTEGRACIÓN - Autenticación y Sesión (RF-002)","CP-074: Bloqueo por 5 intentos fallidos"],"duration":3,"failing":false,"failureDetails":[],"failureMessages":[],"fullName":"PRUEBAS DE INTEGRACIÓN - Autenticación y Sesión (RF-002) CP-074: Bloqueo por 5 intentos fallidos Debe registrar fallos consecutivos e impedir accesos posteriores si se superan los intentos permitidos","invocations":1,"location":null,"numPassingAsserts":3,"retryReasons":[],"startAt":1789415721439,"status":"passed","title":"Debe registrar fallos consecutivos e impedir accesos posteriores si se superan los intentos permitidos"},{"ancestorTitles":["PRUEBAS DE INTEGRACIÓN - Autenticación y Sesión (RF-002)","CP-075: Auditoría de accesos"],"duration":2,"failing":false,"failureDetails":[],"failureMessages":[],"fullName":"PRUEBAS DE INTEGRACIÓN - Autenticación y Sesión (RF-002) CP-075: Auditoría de accesos Debe verificar que los eventos de autenticación sean capturados para auditoría","invocations":1,"location":null,"numPassingAsserts":1,"retryReasons":[],"startAt":1789415721442,"status":"passed","title":"Debe verificar que los eventos de autenticación sean capturados para auditoría"},{"ancestorTitles":["PRUEBAS DE INTEGRACIÓN - Autenticación y Sesión (RF-002)","CP-076: Expiración por inactividad"],"duration":2,"failing":false,"failureDetails":[],"failureMessages":[],"fullName":"PRUEBAS DE INTEGRACIÓN - Autenticación y Sesión (RF-002) CP-076: Expiración por inactividad Debe generar un token JWT con parámetros de expiración configurados","invocations":1,"location":null,"numPassingAsserts":1,"retryReasons":[],"startAt":1789415721444,"status":"passed","title":"Debe generar un token JWT con parámetros de expiración configurados"},{"ancestorTitles":["PRUEBAS DE INTEGRACIÓN - Autenticación y Sesión (RF-002)","CP-077: Forzar clave inicial"],"duration":3,"failing":false,"failureDetails":[],"failureMessages":[],"fullName":"PRUEBAS DE INTEGRACIÓN - Autenticación y Sesión (RF-002) CP-077: Forzar clave inicial Debe verificar la bandera mustChangePassword en el objeto del usuario retornado","invocations":1,"location":null,"numPassingAsserts":1,"retryReasons":[],"startAt":1789415721446,"status":"passed","title":"Debe verificar la bandera mustChangePassword en el objeto del usuario retornado"},{"ancestorTitles":["PRUEBAS DE INTEGRACIÓN - Autenticación y Sesión (RF-002)","CP-078: Redirección según rol"],"duration":3,"failing":false,"failureDetails":[],"failureMessages":[],"fullName":"PRUEBAS DE INTEGRACIÓN - Autenticación y Sesión (RF-002) CP-078: Redirección según rol Debe incluir la propiedad role en la respuesta de autenticación para ruteo en interfaz","invocations":1,"location":null,"numPassingAsserts":1,"retryReasons":[],"startAt":1789415721449,"status":"passed","title":"Debe incluir la propiedad role en la respuesta de autenticación para ruteo en interfaz"}],"endTime":1789415721453,"message":"","name":"C:\\Users\\joale\\OneDrive\\Desktop\\Skainet_FI\\test\\integracion\\autenticacion.integration.spec.ts","startTime":1789415721189,"status":"passed","summary":""},{"assertionResults":[{"ancestorTitles":["UsersService - Pruebas Unitarias"],"duration":7,"failing":false,"failureDetails":[],"failureMessages":[],"fullName":"UsersService - Pruebas Unitarias 1. findAll: Debe retornar todos los usuarios excluyendo la contraseña y parseando JSON","invocations":1,"location":null,"numPassingAsserts":5,"retryReasons":[],"startAt":1789415721658,"status":"passed","title":"1. findAll: Debe retornar todos los usuarios excluyendo la contraseña y parseando JSON"},{"ancestorTitles":["UsersService - Pruebas Unitarias"],"duration":2,"failing":false,"failureDetails":[],"failureMessages":[],"fullName":"UsersService - Pruebas Unitarias 2. findOne: Debe buscar un usuario por ID y deserializar sus campos JSON","invocations":1,"location":null,"numPassingAsserts":3,"retryReasons":[],"startAt":1789415721666,"status":"passed","title":"2. findOne: Debe buscar un usuario por ID y deserializar sus campos JSON"},{"ancestorTitles":["UsersService - Pruebas Unitarias"],"duration":2,"failing":false,"failureDetails":[],"failureMessages":[],"fullName":"UsersService - Pruebas Unitarias 3. validatePassword: Debe retornar el usuario si la clave coincide","invocations":1,"location":null,"numPassingAsserts":3,"retryReasons":[],"startAt":1789415721668,"status":"passed","title":"3. validatePassword: Debe retornar el usuario si la clave coincide"},{"ancestorTitles":["UsersService - Pruebas Unitarias"],"duration":2,"failing":false,"failureDetails":[],"failureMessages":[],"fullName":"UsersService - Pruebas Unitarias 4. validatePassword: Debe retornar null si la contraseña es incorrecta o usuario inexistente","invocations":1,"location":null,"numPassingAsserts":2,"retryReasons":[],"startAt":1789415721670,"status":"passed","title":"4. validatePassword: Debe retornar null si la contraseña es incorrecta o usuario inexistente"},{"ancestorTitles":["UsersService - Pruebas Unitarias"],"duration":2,"failing":false,"failureDetails":[],"failureMessages":[],"fullName":"UsersService - Pruebas Unitarias 5. updateStatus: Debe actualizar el estado y registrar la entrada en el historial","invocations":1,"location":null,"numPassingAsserts":2,"retryReasons":[],"startAt":1789415721672,"status":"passed","title":"5. updateStatus: Debe actualizar el estado y registrar la entrada en el historial"},{"ancestorTitles":["UsersService - Pruebas Unitarias"],"duration":2,"failing":false,"failureDetails":[],"failureMessages":[],"fullName":"UsersService - Pruebas Unitarias 6. updateStatus: Debe actualizar lastLogin cuando el estado pase a AVAILABLE","invocations":1,"location":null,"numPassingAsserts":1,"retryReasons":[],"startAt":1789415721674,"status":"passed","title":"6. updateStatus: Debe actualizar lastLogin cuando el estado pase a AVAILABLE"},{"ancestorTitles":["UsersService - Pruebas Unitarias"],"duration":15,"failing":false,"failureDetails":[],"failureMessages":[],"fullName":"UsersService - Pruebas Unitarias 7. create: Debe crear un nuevo usuario y validar campos obligatorios y duplicidad","invocations":1,"location":null,"numPassingAsserts":4,"retryReasons":[],"startAt":1789415721676,"status":"passed","title":"7. create: Debe crear un nuevo usuario y validar campos obligatorios y duplicidad"},{"ancestorTitles":["UsersService - Pruebas Unitarias"],"duration":2,"failing":false,"failureDetails":[],"failureMessages":[],"fullName":"UsersService - Pruebas Unitarias 8. validateRecovery: Debe validar respuestas de recuperación sin importar mayúsculas o espacios","invocations":1,"location":null,"numPassingAsserts":2,"retryReasons":[],"startAt":1789415721691,"status":"passed","title":"8. validateRecovery: Debe validar respuestas de recuperación sin importar mayúsculas o espacios"}],"endTime":1789415721694,"message":"","name":"C:\\Users\\joale\\OneDrive\\Desktop\\Skainet_FI\\Skainet-API\\pruebas\\users.service.spec.ts","startTime":1789415721459,"status":"passed","summary":""},{"assertionResults":[{"ancestorTitles":["OrdersService - Pruebas Unitarias"],"duration":7,"failing":false,"failureDetails":[],"failureMessages":[],"fullName":"OrdersService - Pruebas Unitarias 1. create: Debe crear una orden de trabajo exitosamente y actualizar estado del joyero y anillo","invocations":1,"location":null,"numPassingAsserts":4,"retryReasons":[],"startAt":1789415721892,"status":"passed","title":"1. create: Debe crear una orden de trabajo exitosamente y actualizar estado del joyero y anillo"},{"ancestorTitles":["OrdersService - Pruebas Unitarias"],"duration":14,"failing":false,"failureDetails":[],"failureMessages":[],"fullName":"OrdersService - Pruebas Unitarias 2. create: Debe lanzar NotFoundException si no existe el joyero receptor o ejecutor","invocations":1,"location":null,"numPassingAsserts":1,"retryReasons":[],"startAt":1789415721899,"status":"passed","title":"2. create: Debe lanzar NotFoundException si no existe el joyero receptor o ejecutor"},{"ancestorTitles":["OrdersService - Pruebas Unitarias"],"duration":4,"failing":false,"failureDetails":[],"failureMessages":[],"fullName":"OrdersService - Pruebas Unitarias 3. create: Debe lanzar BadRequestException si el joyero ejecutor ya tiene una orden abierta","invocations":1,"location":null,"numPassingAsserts":1,"retryReasons":[],"startAt":1789415721913,"status":"passed","title":"3. create: Debe lanzar BadRequestException si el joyero ejecutor ya tiene una orden abierta"},{"ancestorTitles":["OrdersService - Pruebas Unitarias"],"duration":2,"failing":false,"failureDetails":[],"failureMessages":[],"fullName":"OrdersService - Pruebas Unitarias 4. create: Debe lanzar BadRequestException si la clave secreta PIN proporcionada es incorrecta","invocations":1,"location":null,"numPassingAsserts":1,"retryReasons":[],"startAt":1789415721918,"status":"passed","title":"4. create: Debe lanzar BadRequestException si la clave secreta PIN proporcionada es incorrecta"},{"ancestorTitles":["OrdersService - Pruebas Unitarias"],"duration":2,"failing":false,"failureDetails":[],"failureMessages":[],"fullName":"OrdersService - Pruebas Unitarias 5. closeOrder: Debe cerrar una orden correctamente cuando la merma está en la tolerancia (<= 0.05)","invocations":1,"location":null,"numPassingAsserts":3,"retryReasons":[],"startAt":1789415721920,"status":"passed","title":"5. closeOrder: Debe cerrar una orden correctamente cuando la merma está en la tolerancia (<= 0.05)"},{"ancestorTitles":["OrdersService - Pruebas Unitarias"],"duration":2,"failing":false,"failureDetails":[],"failureMessages":[],"fullName":"OrdersService - Pruebas Unitarias 6. closeOrder: Debe exigir explicación en caso de merma anómala (> 0.05)","invocations":1,"location":null,"numPassingAsserts":1,"retryReasons":[],"startAt":1789415721922,"status":"passed","title":"6. closeOrder: Debe exigir explicación en caso de merma anómala (> 0.05)"},{"ancestorTitles":["OrdersService - Pruebas Unitarias"],"duration":2,"failing":false,"failureDetails":[],"failureMessages":[],"fullName":"OrdersService - Pruebas Unitarias 7. closeOrder: Debe crear una alerta de peso crítico al cerrar con anomalía explicada","invocations":1,"location":null,"numPassingAsserts":1,"retryReasons":[],"startAt":1789415721924,"status":"passed","title":"7. closeOrder: Debe crear una alerta de peso crítico al cerrar con anomalía explicada"},{"ancestorTitles":["OrdersService - Pruebas Unitarias"],"duration":6,"failing":false,"failureDetails":[],"failureMessages":[],"fullName":"OrdersService - Pruebas Unitarias 8. findActiveByExecutor: Debe retornar la orden abierta del joyero o null si no existe","invocations":1,"location":null,"numPassingAsserts":2,"retryReasons":[],"startAt":1789415721926,"status":"passed","title":"8. findActiveByExecutor: Debe retornar la orden abierta del joyero o null si no existe"}],"endTime":1789415721933,"message":"","name":"C:\\Users\\joale\\OneDrive\\Desktop\\Skainet_FI\\Skainet-API\\pruebas\\orders.service.spec.ts","startTime":1789415721702,"status":"passed","summary":""},{"assertionResults":[{"ancestorTitles":["PRUEBAS UNITARIAS - Autenticación y Sesión (RF-002)","CP-073: Campos login vacíos"],"duration":11,"failing":false,"failureDetails":[],"failureMessages":[],"fullName":"PRUEBAS UNITARIAS - Autenticación y Sesión (RF-002) CP-073: Campos login vacíos Debe rechazar el intento de inicio de sesión si la cédula o la contraseña están vacías","invocations":1,"location":null,"numPassingAsserts":4,"retryReasons":[],"startAt":1789415722159,"status":"passed","title":"Debe rechazar el intento de inicio de sesión si la cédula o la contraseña están vacías"}],"endTime":1789415722171,"message":"","name":"C:\\Users\\joale\\OneDrive\\Desktop\\Skainet_FI\\test\\unitarias\\autenticacion.unit.spec.ts","startTime":1789415721938,"status":"passed","summary":""},{"assertionResults":[{"ancestorTitles":["PRUEBAS DE INTEGRACIÓN - Conformidad Legal (RF-020)","CP-182: Cumplimiento Ley Habeas Data"],"duration":4,"failing":false,"failureDetails":[],"failureMessages":[],"fullName":"PRUEBAS DE INTEGRACIÓN - Conformidad Legal (RF-020) CP-182: Cumplimiento Ley Habeas Data Debe registrar de forma explícita la aceptación de términos y política de tratamiento de datos personales","invocations":1,"location":null,"numPassingAsserts":1,"retryReasons":[],"startAt":1789415722371,"status":"passed","title":"Debe registrar de forma explícita la aceptación de términos y política de tratamiento de datos personales"},{"ancestorTitles":["PRUEBAS DE INTEGRACIÓN - Conformidad Legal (RF-020)","CP-184: Trazabilidad legal de metales"],"duration":1,"failing":false,"failureDetails":[],"failureMessages":[],"fullName":"PRUEBAS DE INTEGRACIÓN - Conformidad Legal (RF-020) CP-184: Trazabilidad legal de metales Debe verificar que todo material precioso registrado cuente con su certificación de Ley (ej. Oro 18K / Ley 750)","invocations":1,"location":null,"numPassingAsserts":2,"retryReasons":[],"startAt":1789415722375,"status":"passed","title":"Debe verificar que todo material precioso registrado cuente con su certificación de Ley (ej. Oro 18K / Ley 750)"},{"ancestorTitles":["PRUEBAS DE INTEGRACIÓN - Conformidad Legal (RF-020)","CP-185: Firma digital / Aceptación"],"duration":1,"failing":false,"failureDetails":[],"failureMessages":[],"fullName":"PRUEBAS DE INTEGRACIÓN - Conformidad Legal (RF-020) CP-185: Firma digital / Aceptación Debe registrar la firma digital o comprobante de PIN seguro como prueba inmutable de entrega de metal","invocations":1,"location":null,"numPassingAsserts":2,"retryReasons":[],"startAt":1789415722377,"status":"passed","title":"Debe registrar la firma digital o comprobante de PIN seguro como prueba inmutable de entrega de metal"}],"endTime":1789415722379,"message":"","name":"C:\\Users\\joale\\OneDrive\\Desktop\\Skainet_FI\\test\\integracion\\normativa-legal.integration.spec.ts","startTime":1789415722175,"status":"passed","summary":""},{"assertionResults":[{"ancestorTitles":["PRUEBAS DE INTEGRACIÓN - Gestión de Clientes (RF-011)","CP-139: Registro de nuevo cliente"],"duration":7,"failing":false,"failureDetails":[],"failureMessages":[],"fullName":"PRUEBAS DE INTEGRACIÓN - Gestión de Clientes (RF-011) CP-139: Registro de nuevo cliente Debe insertar un nuevo registro de cliente en la base de datos con sus datos de contacto","invocations":1,"location":null,"numPassingAsserts":2,"retryReasons":[],"startAt":1789415722576,"status":"passed","title":"Debe insertar un nuevo registro de cliente en la base de datos con sus datos de contacto"},{"ancestorTitles":["PRUEBAS DE INTEGRACIÓN - Gestión de Clientes (RF-011)","CP-141: Creación de pedido personalizado"],"duration":1,"failing":false,"failureDetails":[],"failureMessages":[],"fullName":"PRUEBAS DE INTEGRACIÓN - Gestión de Clientes (RF-011) CP-141: Creación de pedido personalizado Debe asociar la solicitud de pedido personalizado al cliente correspondiente en la BD","invocations":1,"location":null,"numPassingAsserts":2,"retryReasons":[],"startAt":1789415722584,"status":"passed","title":"Debe asociar la solicitud de pedido personalizado al cliente correspondiente en la BD"},{"ancestorTitles":["PRUEBAS DE INTEGRACIÓN - Gestión de Clientes (RF-011)","CP-142: Seguimiento de pedido cliente"],"duration":2,"failing":false,"failureDetails":[],"failureMessages":[],"fullName":"PRUEBAS DE INTEGRACIÓN - Gestión de Clientes (RF-011) CP-142: Seguimiento de pedido cliente Debe consultar el estado actual del pedido para permitir la trazabilidad del cliente","invocations":1,"location":null,"numPassingAsserts":2,"retryReasons":[],"startAt":1789415722585,"status":"passed","title":"Debe consultar el estado actual del pedido para permitir la trazabilidad del cliente"},{"ancestorTitles":["PRUEBAS DE INTEGRACIÓN - Gestión de Clientes (RF-011)","CP-143: Auditoría de pedidos"],"duration":2,"failing":false,"failureDetails":[],"failureMessages":[],"fullName":"PRUEBAS DE INTEGRACIÓN - Gestión de Clientes (RF-011) CP-143: Auditoría de pedidos Debe registrar automáticamente en la auditoría del sistema cualquier cambio de estado del pedido","invocations":1,"location":null,"numPassingAsserts":1,"retryReasons":[],"startAt":1789415722587,"status":"passed","title":"Debe registrar automáticamente en la auditoría del sistema cualquier cambio de estado del pedido"}],"endTime":1789415722589,"message":"","name":"C:\\Users\\joale\\OneDrive\\Desktop\\Skainet_FI\\test\\integracion\\clientes.integration.spec.ts","startTime":1789415722386,"status":"passed","summary":""},{"assertionResults":[{"ancestorTitles":["PRUEBAS DE INTEGRACIÓN - Órdenes de Trabajo (RF-005)","CP-095: Creación exitosa de OT"],"duration":5,"f
[...]
 joyero"},{"ancestorTitles":["PRUEBAS DE INTEGRACIÓN - Cierre Operativo y Arqueo (RF-017)","CP-170: Cierre de turno joyero"],"duration":3,"failing":false,"failureDetails":[],"failureMessages":[],"fullName":"PRUEBAS DE INTEGRACIÓN - Cierre Operativo y Arqueo (RF-017) CP-170: Cierre de turno joyero Debe procesar el cierre de jornada del Joyero y actualizar su estado operativo a AVAILABLE","invocations":1,"location":null,"numPassingAsserts":1,"retryReasons":[],"startAt":1789415727795,"status":"passed","title":"Debe procesar el cierre de jornada del Joyero y actualizar su estado operativo a AVAILABLE"},{"ancestorTitles":["PRUEBAS DE INTEGRACIÓN - Cierre Operativo y Arqueo (RF-017)","CP-171: Auditoría de cierre de turno"],"duration":7,"failing":false,"failureDetails":[],"failureMessages":[],"fullName":"PRUEBAS DE INTEGRACIÓN - Cierre Operativo y Arqueo (RF-017) CP-171: Auditoría de cierre de turno Debe guardar el registro inmutable del arqueo final de turno en la bitácora de auditoría","invocations":1,"location":null,"numPassingAsserts":1,"retryReasons":[],"startAt":1789415727798,"status":"passed","title":"Debe guardar el registro inmutable del arqueo final de turno en la bitácora de auditoría"}],"endTime":1789415727806,"message":"","name":"C:\\Users\\joale\\OneDrive\\Desktop\\Skainet_FI\\test\\integracion\\cierre-operativo.integration.spec.ts","startTime":1789415727559,"status":"passed","summary":""},{"assertionResults":[{"ancestorTitles":["PRUEBAS UNITARIAS - Reportes y Métricas (RF-010)","CP-135: Rango de fechas inconsistente"],"duration":6,"failing":false,"failureDetails":[],"failureMessages":[],"fullName":"PRUEBAS UNITARIAS - Reportes y Métricas (RF-010) CP-135: Rango de fechas inconsistente Debe rechazar la generación de reportes si la fecha inicial es posterior a la fecha final","invocations":1,"location":null,"numPassingAsserts":2,"retryReasons":[],"startAt":1789415727956,"status":"passed","title":"Debe rechazar la generación de reportes si la fecha inicial es posterior a la fecha final"}],"endTime":1789415727964,"message":"","name":"C:\\Users\\joale\\OneDrive\\Desktop\\Skainet_FI\\test\\unitarias\\reportes.unit.spec.ts","startTime":1789415727810,"status":"passed","summary":""},{"assertionResults":[{"ancestorTitles":["PRUEBAS UNITARIAS - Gestión de Clientes (RF-011)","CP-140: Documento cliente duplicado"],"duration":4,"failing":false,"failureDetails":[],"failureMessages":[],"fullName":"PRUEBAS UNITARIAS - Gestión de Clientes (RF-011) CP-140: Documento cliente duplicado Debe rechazar el registro de un cliente si su documento de identidad ya está registrado","invocations":1,"location":null,"numPassingAsserts":2,"retryReasons":[],"startAt":1789415728108,"status":"passed","title":"Debe rechazar el registro de un cliente si su documento de identidad ya está registrado"}],"endTime":1789415728113,"message":"","name":"C:\\Users\\joale\\OneDrive\\Desktop\\Skainet_FI\\test\\unitarias\\clientes.unit.spec.ts","startTime":1789415727971,"status":"passed","summary":""},{"assertionResults":[{"ancestorTitles":["PRUEBAS UNITARIAS - Control de Maquinaria (RF-007)","CP-115: Campos requeridos equipo"],"duration":5,"failing":false,"failureDetails":[],"failureMessages":[],"fullName":"PRUEBAS UNITARIAS - Control de Maquinaria (RF-007) CP-115: Campos requeridos equipo Debe rechazar el registro de una máquina o equipo si falta el nombre o el tipo de maquinaria","invocations":1,"location":null,"numPassingAsserts":2,"retryReasons":[],"startAt":1789415728259,"status":"passed","title":"Debe rechazar el registro de una máquina o equipo si falta el nombre o el tipo de maquinaria"}],"endTime":1789415728265,"message":"","name":"C:\\Users\\joale\\OneDrive\\Desktop\\Skainet_FI\\test\\unitarias\\maquinaria.unit.spec.ts","startTime":1789415728122,"status":"passed","summary":""},{"assertionResults":[{"ancestorTitles":["PRUEBAS UNITARIAS - Cierre Operativo y Arqueo (RF-017)","CP-169: Descuadre en arqueo metal"],"duration":5,"failing":false,"failureDetails":[],"failureMessages":[],"fullName":"PRUEBAS UNITARIAS - Cierre Operativo y Arqueo (RF-017) CP-169: Descuadre en arqueo metal Debe rechazar la conciliación de turno si el metal devuelto + mermas presenta una diferencia no justificada > 0.01g","invocations":1,"location":null,"numPassingAsserts":2,"retryReasons":[],"startAt":1789415728407,"status":"passed","title":"Debe rechazar la conciliación de turno si el metal devuelto + mermas presenta una diferencia no justificada > 0.01g"},{"ancestorTitles":["PRUEBAS UNITARIAS - Cierre Operativo y Arqueo (RF-017)","CP-172: Reporte de cierre impreso/digital"],"duration":1,"failing":false,"failureDetails":[],"failureMessages":[],"fullName":"PRUEBAS UNITARIAS - Cierre Operativo y Arqueo (RF-017) CP-172: Reporte de cierre impreso/digital Debe estructurar los datos del comprobante de cierre de turno con los totales de gramos entregados y devueltos","invocations":1,"location":null,"numPassingAsserts":3,"retryReasons":[],"startAt":1789415728413,"status":"passed","title":"Debe estructurar los datos del comprobante de cierre de turno con los totales de gramos entregados y devueltos"}],"endTime":1789415728415,"message":"","name":"C:\\Users\\joale\\OneDrive\\Desktop\\Skainet_FI\\test\\unitarias\\cierre-operativo.unit.spec.ts","startTime":1789415728273,"status":"passed","summary":""},{"assertionResults":[{"ancestorTitles":["PRUEBAS UNITARIAS - Producción y Mermas (RF-006)","CP-108: Cálculo automático de merma"],"duration":1,"failing":false,"failureDetails":[],"failureMessages":[],"fullName":"PRUEBAS UNITARIAS - Producción y Mermas (RF-006) CP-108: Cálculo automático de merma Debe calcular exactamente la merma producida restando el peso final al peso inicial","invocations":1,"location":null,"numPassingAsserts":1,"retryReasons":[],"startAt":1789415728552,"status":"passed","title":"Debe calcular exactamente la merma producida restando el peso final al peso inicial"},{"ancestorTitles":["PRUEBAS UNITARIAS - Producción y Mermas (RF-006)","CP-110: Pesaje final mayor al inicial"],"duration":5,"failing":false,"failureDetails":[],"failureMessages":[],"fullName":"PRUEBAS UNITARIAS - Producción y Mermas (RF-006) CP-110: Pesaje final mayor al inicial Debe rechazar con BadRequestException ante la ganancia ilógica de peso en el pesaje final","invocations":1,"location":null,"numPassingAsserts":1,"retryReasons":[],"startAt":1789415728553,"status":"passed","title":"Debe rechazar con BadRequestException ante la ganancia ilógica de peso en el pesaje final"}],"endTime":1789415728559,"message":"","name":"C:\\Users\\joale\\OneDrive\\Desktop\\Skainet_FI\\test\\unitarias\\produccion-mermas.unit.spec.ts","startTime":1789415728422,"status":"passed","summary":""},{"assertionResults":[{"ancestorTitles":["PRUEBAS UNITARIAS - Configuración de Parámetros (RF-016)","CP-164: Tolerancia de merma negativa"],"duration":4,"failing":false,"failureDetails":[],"failureMessages":[],"fullName":"PRUEBAS UNITARIAS - Configuración de Parámetros (RF-016) CP-164: Tolerancia de merma negativa Debe rechazar la actualización del parámetro si la tolerancia de merma es menor o igual a cero","invocations":1,"location":null,"numPassingAsserts":3,"retryReasons":[],"startAt":1789415728701,"status":"passed","title":"Debe rechazar la actualización del parámetro si la tolerancia de merma es menor o igual a cero"}],"endTime":1789415728706,"message":"","name":"C:\\Users\\joale\\OneDrive\\Desktop\\Skainet_FI\\test\\unitarias\\configuracion.unit.spec.ts","startTime":1789415728566,"status":"passed","summary":""},{"assertionResults":[{"ancestorTitles":["PRUEBAS UNITARIAS - Registro de Lotes (RF-008)","CP-122: Código de lote duplicado"],"duration":4,"failing":false,"failureDetails":[],"failureMessages":[],"fullName":"PRUEBAS UNITARIAS - Registro de Lotes (RF-008) CP-122: Código de lote duplicado Debe rechazar la creación de un lote si su identificador o código ya existe en el sistema","invocations":1,"location":null,"numPassingAsserts":2,"retryReasons":[],"startAt":1789415728840,"status":"passed","title":"Debe rechazar la creación de un lote si su identificador o código ya existe en el sistema"}],"endTime":1789415728845,"message":"","name":"C:\\Users\\joale\\OneDrive\\Desktop\\Skainet_FI\\test\\unitarias\\lotes.unit.spec.ts","startTime":1789415728713,"status":"passed","summary":""},{"assertionResults":[{"ancestorTitles":["PRUEBAS UNITARIAS - Recuperación de Contraseña (RF-003)","CP-081: Formato email rec. inválido"],"duration":2,"failing":false,"failureDetails":[],"failureMessages":[],"fullName":"PRUEBAS UNITARIAS - Recuperación de Contraseña (RF-003) CP-081: Formato email rec. inválido Debe rechazar la solicitud de recuperación si el correo ingresado no cumple la sintaxis Regex","invocations":1,"location":null,"numPassingAsserts":5,"retryReasons":[],"startAt":1789415728979,"status":"passed","title":"Debe rechazar la solicitud de recuperación si el correo ingresado no cumple la sintaxis Regex"},{"ancestorTitles":["PRUEBAS UNITARIAS - Recuperación de Contraseña (RF-003)","CP-083: Coincidencia de nueva clave"],"duration":5,"failing":false,"failureDetails":[],"failureMessages":[],"fullName":"PRUEBAS UNITARIAS - Recuperación de Contraseña (RF-003) CP-083: Coincidencia de nueva clave Debe rechazar el formulario de cambio de clave si la confirmación no coincide exactamente","invocations":1,"location":null,"numPassingAsserts":2,"retryReasons":[],"startAt":1789415728982,"status":"passed","title":"Debe rechazar el formulario de cambio de clave si la confirmación no coincide exactamente"}],"endTime":1789415728988,"message":"","name":"C:\\Users\\joale\\OneDrive\\Desktop\\Skainet_FI\\test\\unitarias\\recuperacion.unit.spec.ts","startTime":1789415728854,"status":"passed","summary":""},{"assertionResults":[{"ancestorTitles":["PRUEBAS DE INTEGRACIÓN - Interfaz y UX (RF-015)","CP-158: Renderizado responsive UI"],"duration":1,"failing":false,"failureDetails":[],"failureMessages":[],"fullName":"PRUEBAS DE INTEGRACIÓN - Interfaz y UX (RF-015) CP-158: Renderizado responsive UI Debe estructurar el estado de UI adaptándose al ancho del viewport del dispositivo","invocations":1,"location":null,"numPassingAsserts":3,"retryReasons":[],"startAt":1789415729028,"status":"passed","title":"Debe estructurar el estado de UI adaptándose al ancho del viewport del dispositivo"},{"ancestorTitles":["PRUEBAS DE INTEGRACIÓN - Interfaz y UX (RF-015)","CP-160: Tiempos de respuesta < 2s"],"duration":61,"failing":false,"failureDetails":[],"failureMessages":[],"fullName":"PRUEBAS DE INTEGRACIÓN - Interfaz y UX (RF-015) CP-160: Tiempos de respuesta < 2s Debe completar el procesamiento de datos y responder en un lapso estricto menor a 2000 milisegundos","invocations":1,"location":null,"numPassingAsserts":1,"retryReasons":[],"startAt":1789415729030,"status":"passed","title":"Debe completar el procesamiento de datos y responder en un lapso estricto menor a 2000 milisegundos"},{"ancestorTitles":["PRUEBAS DE INTEGRACIÓN - Interfaz y UX (RF-015)","CP-162: Accesibilidad y atajos"],"duration":0,"failing":false,"failureDetails":[],"failureMessages":[],"fullName":"PRUEBAS DE INTEGRACIÓN - Interfaz y UX (RF-015) CP-162: Accesibilidad y atajos Debe proveer configuraciones de navegación y accesibilidad para agilizar el uso en taller","invocations":1,"location":null,"numPassingAsserts":2,"retryReasons":[],"startAt":1789415729092,"status":"passed","title":"Debe proveer configuraciones de navegación y accesibilidad para agilizar el uso en taller"}],"endTime":1789415729093,"message":"","name":"C:\\Users\\joale\\OneDrive\\Desktop\\Skainet_FI\\test\\integracion\\interfaz-ux.integration.spec.ts","startTime":1789415728994,"status":"passed","summary":""},{"assertionResults":[{"ancestorTitles":["PRUEBAS DE INTEGRACIÓN - Rendimiento y Carga (RF-019)","CP-178: Carga simultánea de usuarios"],"duration":3,"failing":false,"failureDetails":[],"failureMessages":[],"fullName":"PRUEBAS DE INTEGRACIÓN - Rendimiento y Carga (RF-019) CP-178: Carga simultánea de usuarios Debe responder exitosamente a 50 peticiones simultáneas sin fallar ni saturar las conexiones","invocations":1,"location":null,"numPassingAsserts":2,"retryReasons":[],"startAt":1789415729130,"status":"passed","title":"Debe responder exitosamente a 50 peticiones simultáneas sin fallar ni saturar las conexiones"},{"ancestorTitles":["PRUEBAS DE INTEGRACIÓN - Rendimiento y Carga (RF-019)","CP-180: Recuperación ante fallos de red"],"duration":0,"failing":false,"failureDetails":[],"failureMessages":[],"fullName":"PRUEBAS DE INTEGRACIÓN - Rendimiento y Carga (RF-019) CP-180: Recuperación ante fallos de red Debe reintentar automáticamente la petición hasta un máximo de 3 veces si ocurre una falla de conexión temporal","invocations":1,"location":null,"numPassingAsserts":2,"retryReasons":[],"startAt":1789415729133,"status":"passed","title":"Debe reintentar automáticamente la petición hasta un máximo de 3 veces si ocurre una falla de conexión temporal"},{"ancestorTitles":["PRUEBAS DE INTEGRACIÓN - Rendimiento y Carga (RF-019)","CP-181: Auditoría de rendimiento"],"duration":0,"failing":false,"failureDetails":[],"failureMessages":[],"fullName":"PRUEBAS DE INTEGRACIÓN - Rendimiento y Carga (RF-019) CP-181: Auditoría de rendimiento Debe registrar una alerta/log de auditoría si una petición excede el tiempo umbral aceptable (ej. > 1500ms)","invocations":1,"location":null,"numPassingAsserts":3,"retryReasons":[],"startAt":1789415729134,"status":"passed","title":"Debe registrar una alerta/log de auditoría si una petición excede el tiempo umbral aceptable (ej. > 1500ms)"}],"endTime":1789415729135,"message":"","name":"C:\\Users\\joale\\OneDrive\\Desktop\\Skainet_FI\\test\\integracion\\rendimiento.integration.spec.ts","startTime":1789415729097,"status":"passed","summary":""},{"assertionResults":[{"ancestorTitles":["PRUEBAS UNITARIAS - Seguridad y Desastres (RF-014)","CP-155: Cifrado de datos sensibles"],"duration":2,"failing":false,"failureDetails":[],"failureMessages":[],"fullName":"PRUEBAS UNITARIAS - Seguridad y Desastres (RF-014) CP-155: Cifrado de datos sensibles Debe hashear una contraseña en texto plano utilizando un salt seguro y verificar su coincidencia","invocations":1,"location":null,"numPassingAsserts":4,"retryReasons":[],"startAt":1789415729171,"status":"passed","title":"Debe hashear una contraseña en texto plano utilizando un salt seguro y verificar su coincidencia"}],"endTime":1789415729175,"message":"","name":"C:\\Users\\joale\\OneDrive\\Desktop\\Skainet_FI\\test\\unitarias\\seguridad-desastres.unit.spec.ts","startTime":1789415729139,"status":"passed","summary":""},{"assertionResults":[{"ancestorTitles":["PRUEBAS UNITARIAS - Auditoría del Sistema (RF-013)","CP-152: Exportación de auditoría"],"duration":1,"failing":false,"failureDetails":[],"failureMessages":[],"fullName":"PRUEBAS UNITARIAS - Auditoría del Sistema (RF-013) CP-152: Exportación de auditoría Debe formatear la lista de logs de auditoría en una cadena CSV correctamente estructurada","invocations":1,"location":null,"numPassingAsserts":2,"retryReasons":[],"startAt":1789415729209,"status":"passed","title":"Debe formatear la lista de logs de auditoría en una cadena CSV correctamente estructurada"}],"endTime":1789415729211,"message":"","name":"C:\\Users\\joale\\OneDrive\\Desktop\\Skainet_FI\\test\\unitarias\\auditoria.unit.spec.ts","startTime":1789415729179,"status":"passed","summary":""},{"assertionResults":[{"ancestorTitles":["PRUEBAS UNITARIAS - Conformidad Legal (RF-020)","CP-183: Retención de logs de auditoría"],"duration":4,"failing":false,"failureDetails":[],"failureMessages":[],"fullName":"PRUEBAS UNITARIAS - Conformidad Legal (RF-020) CP-183: Retención de logs de auditoría Debe determinar la fecha límite de purga respetando el período legal mínimo de retención de 5 años","invocations":1,"location":null,"numPassingAsserts":1,"retryReasons":[],"startAt":1789415729245,"status":"passed","title":"Debe determinar la fecha límite de purga respetando el período legal mínimo de retención de 5 años"}],"endTime":1789415729250,"message":"","name":"C:\\Users\\joale\\OneDrive\\Desktop\\Skainet_FI\\test\\unitarias\\normativa-legal.unit.spec.ts","startTime":1789415729216,"status":"passed","summary":""},{"assertionResults":[{"ancestorTitles":["PRUEBAS UNITARIAS - API Rest Externa (RF-018)","CP-174: Formato JSON estandarizado"],"duration":1,"failing":false,"failureDetails":[],"failureMessages":[],"fullName":"PRUEBAS UNITARIAS - API Rest Externa (RF-018) CP-174: Formato JSON estandarizado Debe formatear la respuesta del servidor en un objeto JSON estandarizado con status y payload","invocations":1,"location":null,"numPassingAsserts":3,"retryReasons":[],"startAt":1789415729286,"status":"passed","title":"Debe formatear la respuesta del servidor en un objeto JSON estandarizado con status y payload"}],"endTime":1789415729288,"message":"","name":"C:\\Users\\joale\\OneDrive\\Desktop\\Skainet_FI\\test\\unitarias\\api-externa.unit.spec.ts","startTime":1789415729254,"status":"passed","summary":""},{"assertionResults":[{"ancestorTitles":["PRUEBAS UNITARIAS - Alertas y Notificaciones (RF-012)","CP-147: Marcar alerta como leída"],"duration":1,"failing":false,"failureDetails":[],"failureMessages":[],"fullName":"PRUEBAS UNITARIAS - Alertas y Notificaciones (RF-012) CP-147: Marcar alerta como leída Debe actualizar el estado de la notificación a leída tras la interacción del usuario","invocations":1,"location":null,"numPassingAsserts":1,"retryReasons":[],"startAt":1789415729328,"status":"passed","title":"Debe actualizar el estado de la notificación a leída tras la interacción del usuario"}],"endTime":1789415729331,"message":"","name":"C:\\Users\\joale\\OneDrive\\Desktop\\Skainet_FI\\test\\unitarias\\alertas.unit.spec.ts","startTime":1789415729292,"status":"passed","summary":""},{"assertionResults":[{"ancestorTitles":["PRUEBAS UNITARIAS - Interfaz y UX (RF-015)","CP-159: Modo oscuro / claro"],"duration":1,"failing":false,"failureDetails":[],"failureMessages":[],"fullName":"PRUEBAS UNITARIAS - Interfaz y UX (RF-015) CP-159: Modo oscuro / claro Debe alternar correctamente el tema visual del usuario entre dark y light","invocations":1,"location":null,"numPassingAsserts":2,"retryReasons":[],"startAt":1789415729366,"status":"passed","title":"Debe alternar correctamente el tema visual del usuario entre dark y light"},{"ancestorTitles":["PRUEBAS UNITARIAS - Interfaz y UX (RF-015)","CP-161: Mensajes de error claros"],"duration":1,"failing":false,"failureDetails":[],"failureMessages":[],"fullName":"PRUEBAS UNITARIAS - Interfaz y UX (RF-015) CP-161: Mensajes de error claros Debe transformar excepciones técnicas internas en mensajes comprensibles para el usuario sin revelar la traza","invocations":1,"location":null,"numPassingAsserts":2,"retryReasons":[],"startAt":1789415729367,"status":"passed","title":"Debe transformar excepciones técnicas internas en mensajes comprensibles para el usuario sin revelar la traza"}],"endTime":1789415729369,"message":"","name":"C:\\Users\\joale\\OneDrive\\Desktop\\Skainet_FI\\test\\unitarias\\interfaz-ux.unit.spec.ts","startTime":1789415729335,"status":"passed","summary":""},{"assertionResults":[{"ancestorTitles":["PRUEBAS UNITARIAS - Rendimiento y Carga (RF-019)","CP-179: Optimización de consultas ORM"],"duration":1,"failing":false,"failureDetails":[],"failureMessages":[],"fullName":"PRUEBAS UNITARIAS - Rendimiento y Carga (RF-019) CP-179: Optimización de consultas ORM Debe procesar la transformación de listas masivas en memoria en un tiempo menor a 100 milisegundos","invocations":1,"location":null,"numPassingAsserts":2,"retryReasons":[],"startAt":1789415729407,"status":"passed","title":"Debe procesar la transformación de listas masivas en memoria en un tiempo menor a 100 milisegundos"}],"endTime":1789415729409,"message":"","name":"C:\\Users\\joale\\OneDrive\\Desktop\\Skainet_FI\\test\\unitarias\\rendimiento.unit.spec.ts","startTime":1789415729375,"status":"passed","summary":""}],"wasInterrupted":false}
