{"total": {"lines":{"total":902,"covered":473,"skipped":0,"pct":52.43},"statements":{"total":1032,"covered":528,"skipped":0,"pct":51.16},"functions":{"total":161,"covered":82,"skipped":0,"pct":50.93},"branches":{"total":722,"covered":388,"skipped":0,"pct":53.73},"branchesTrue":{"total":0,"covered":0,"skipped":0,"pct":100}}
,"C:\\Users\\joale\\OneDrive\\Desktop\\Skainet_FI\\Skainet-API\\src\\app.controller.ts": {"lines":{"total":6,"covered":6,"skipped":0,"pct":100},"functions":{"total":2,"covered":2,"skipped":0,"pct":100},"statements":{"total":8,"covered":8,"skipped":0,"pct":100},"branches":{"total":4,"covered":3,"skipped":0,"pct":75}}
,"C:\\Users\\joale\\OneDrive\\Desktop\\Skainet_FI\\Skainet-API\\src\\app.module.ts": {"lines":{"total":21,"covered":0,"skipped":0,"pct":0},"functions":{"total":1,"covered":0,"skipped":0,"pct":0},"statements":{"total":23,"covered":0,"skipped":0,"pct":0},"branches":{"total":0,"covered":0,"skipped":0,"pct":100}}
,"C:\\Users\\joale\\OneDrive\\Desktop\\Skainet_FI\\Skainet-API\\src\\app.service.ts": {"lines":{"total":3,"covered":3,"skipped":0,"pct":100},"functions":{"total":1,"covered":1,"skipped":0,"pct":100},"statements":{"total":5,"covered":5,"skipped":0,"pct":100},"branches":{"total":0,"covered":0,"skipped":0,"pct":100}}
,"C:\\Users\\joale\\OneDrive\\Desktop\\Skainet_FI\\Skainet-API\\src\\main.ts": {"lines":{"total":17,"covered":0,"skipped":0,"pct":0},"functions":{"total":1,"covered":0,"skipped":0,"pct":0},"statements":{"total":17,"covered":0,"skipped":0,"pct":0},"branches":{"total":2,"covered":0,"skipped":0,"pct":0}}
,"C:\\Users\\joale\\OneDrive\\Desktop\\Skainet_FI\\Skainet-API\\src\\alerts\\alerts.controller.ts": {"lines":{"total":6,"covered":0,"skipped":0,"pct":0},"functions":{"total":2,"covered":0,"skipped":0,"pct":0},"statements":{"total":8,"covered":0,"skipped":0,"pct":0},"branches":{"total":4,"covered":0,"skipped":0,"pct":0}}
,"C:\\Users\\joale\\OneDrive\\Desktop\\Skainet_FI\\Skainet-API\\src\\alerts\\alerts.module.ts": {"lines":{"total":5,"covered":0,"skipped":0,"pct":0},"functions":{"total":0,"covered":0,"skipped":0,"pct":100},"statements":{"total":7,"covered":0,"skipped":0,"pct":0},"branches":{"total":0,"covered":0,"skipped":0,"pct":100}}
,"C:\\Users\\joale\\OneDrive\\Desktop\\Skainet_FI\\Skainet-API\\src\\alerts\\alerts.service.ts": {"lines":{"total":19,"covered":15,"skipped":0,"pct":78.94},"functions":{"total":5,"covered":4,"skipped":0,"pct":80},"statements":{"total":21,"covered":17,"skipped":0,"pct":80.95},"branches":{"total":14,"covered":10,"skipped":0,"pct":71.42}}
,"C:\\Users\\joale\\OneDrive\\Desktop\\Skainet_FI\\Skainet-API\\src\\audit\\audit.module.ts": {"lines":{"total":4,"covered":0,"skipped":0,"pct":0},"functions":{"total":0,"covered":0,"skipped":0,"pct":100},"statements":{"total":6,"covered":0,"skipped":0,"pct":0},"branches":{"total":0,"covered":0,"skipped":0,"pct":100}}
,"C:\\Users\\joale\\OneDrive\\Desktop\\Skainet_FI\\Skainet-API\\src\\audit\\audit.service.ts": {"lines":{"total":9,"covered":8,"skipped":0,"pct":88.88},"functions":{"total":4,"covered":4,"skipped":0,"pct":100},"statements":{"total":11,"covered":10,"skipped":0,"pct":90.9},"branches":{"total":10,"covered":7,"skipped":0,"pct":70}}
,"C:\\Users\\joale\\OneDrive\\Desktop\\Skainet_FI\\Skainet-API\\src\\auth\\auth.module.ts": {"lines":{"total":10,"covered":0,"skipped":0,"pct":0},"functions":{"total":1,"covered":0,"skipped":0,"pct":0},"statements":{"total":12,"covered":0,"skipped":0,"pct":0},"branches":{"total":2,"covered":0,"skipped":0,"pct":0}}
,"C:\\Users\\joale\\OneDrive\\Desktop\\Skainet_FI\\Skainet-API\\src\\auth\\auth.service.ts": {"lines":{"total":49,"covered":43,"skipped":0,"pct":87.75},"functions":{"total":2,"covered":2,"skipped":0,"pct":100},"statements":{"total":51,"covered":45,"skipped":0,"pct":88.23},"branches":{"total":65,"covered":50,"skipped":0,"pct":76.92}}
,"C:\\Users\\joale\\OneDrive\\Desktop\\Skainet_FI\\Skainet-API\\src\\auth\\jwt-auth.guard.ts": {"lines":{"total":3,"covered":3,"skipped":0,"pct":100},"functions":{"total":0,"covered":0,"skipped":0,"pct":100},"statements":{"total":5,"covered":5,"skipped":0,"pct":100},"branches":{"total":0,"covered":0,"skipped":0,"pct":100}}
,"C:\\Users\\joale\\OneDrive\\Desktop\\Skainet_FI\\Skainet-API\\src\\auth\\jwt.strategy.ts": {"lines":{"total":11,"covered":0,"skipped":0,"pct":0},"functions":{"total":2,"covered":0,"skipped":0,"pct":0},"statements":{"total":13,"covered":0,"skipped":0,"pct":0},"branches":{"total":8,"covered":0,"skipped":0,"pct":0}}
,"C:\\Users\\joale\\OneDrive\\Desktop\\Skainet_FI\\Skainet-API\\src\\batches\\batches.controller.ts": {"lines":{"total":11,"covered":8,"skipped":0,"pct":72.72},"functions":{"total":4,"covered":1,"skipped":0,"pct":25},"statements":{"total":13,"covered":10,"skipped":0,"pct":76.92},"branches":{"total":4,"covered":3,"skipped":0,"pct":75}}
,"C:\\Users\\joale\\OneDrive\\Desktop\\Skainet_FI\\Skainet-API\\src\\batches\\batches.module.ts": {"lines":{"total":4,"covered":0,"skipped":0,"pct":0},"functions":{"total":0,"covered":0,"skipped":0,"pct":100},"statements":{"total":6,"covered":0,"skipped":0,"pct":0},"branches":{"total":0,"covered":0,"skipped":0,"pct":100}}
,"C:\\Users\\joale\\OneDrive\\Desktop\\Skainet_FI\\Skainet-API\\src\\batches\\batches.service.ts": {"lines":{"total":23,"covered":18,"skipped":0,"pct":78.26},"functions":{"total":8,"covered":7,"skipped":0,"pct":87.5},"statements":{"total":27,"covered":22,"skipped":0,"pct":81.48},"branches":{"total":8,"covered":4,"skipped":0,"pct":50}}
,"C:\\Users\\joale\\OneDrive\\Desktop\\Skainet_FI\\Skainet-API\\src\\client-orders\\client-orders.controller.ts": {"lines":{"total":10,"covered":0,"skipped":0,"pct":0},"functions":{"total":4,"covered":0,"skipped":0,"pct":0},"statements":{"total":12,"covered":0,"skipped":0,"pct":0},"branches":{"total":4,"covered":0,"skipped":0,"pct":0}}
,"C:\\Users\\joale\\OneDrive\\Desktop\\Skainet_FI\\Skainet-API\\src\\client-orders\\client-orders.module.ts": {"lines":{"total":5,"covered":0,"skipped":0,"pct":0},"functions":{"total":0,"covered":0,"skipped":0,"pct":100},"statements":{"total":7,"covered":0,"skipped":0,"pct":0},"branches":{"total":0,"covered":0,"skipped":0,"pct":100}}
,"C:\\Users\\joale\\OneDrive\\Desktop\\Skainet_FI\\Skainet-API\\src\\client-orders\\client-orders.service.ts": {"lines":{"total":19,"covered":15,"skipped":0,"pct":78.94},"functions":{"total":5,"covered":4,"skipped":0,"pct":80},"statements":{"total":22,"covered":18,"skipped":0,"pct":81.81},"branches":{"total":14,"covered":9,"skipped":0,"pct":64.28}}
,"C:\\Users\\joale\\OneDrive\\Desktop\\Skainet_FI\\Skainet-API\\src\\common\\filters\\http-exception.filter.ts": {"lines":{"total":11,"covered":0,"skipped":0,"pct":0},"functions":{"total":1,"covered":0,"skipped":0,"pct":0},"statements":{"total":13,"covered":0,"skipped":0,"pct":0},"branches":{"total":10,"covered":0,"skipped":0,"pct":0}}
,"C:\\Users\\joale\\OneDrive\\Desktop\\Skainet_FI\\Skainet-API\\src\\common\\middleware\\logger.middleware.ts": {"lines":{"total":11,"covered":0,"skipped":0,"pct":0},"functions":{"total":2,"covered":0,"skipped":0,"pct":0},"statements":{"total":13,"covered":0,"skipped":0,"pct":0},"branches":{"total":2,"covered":0,"skipped":0,"pct":0}}
,"C:\\Users\\joale\\OneDrive\\Desktop\\Skainet_FI\\Skainet-API\\src\\inventory\\inventory.controller.ts": {"lines":{"total":32,"covered":0,"skipped":0,"pct":0},"functions":{"total":8,"covered":0,"skipped":0,"pct":0},"statements":{"total":34,"covered":0,"skipped":0,"pct":0},"branches":{"total":38,"covered":0,"skipped":0,"pct":0}}
,"C:\\Users\\joale\\OneDrive\\Desktop\\Skainet_FI\\Skainet-API\\src\\inventory\\inventory.module.ts": {"lines":{"total":6,"covered":0,"skipped":0,"pct":0},"functions":{"total":0,"covered":0,"skipped":0,"pct":100},"statements":{"total":8,"covered":0,"skipped":0,"pct":0},"branches":{"total":0,"covered":0,"skipped":0,"pct":100}}
,"C:\\Users\\joale\\OneDrive\\Desktop\\Skainet_FI\\Skainet-API\\src\\inventory\\inventory.service.ts": {"lines":{"total":89,"covered":50,"skipped":0,"pct":56.17},"functions":{"total":8,"covered":5,"skipped":0,"pct":62.5},"statements":{"total":93,"covered":52,"skipped":0,"pct":55.91},"branches":{"total":104,"covered":48,"skipped":0,"pct":46.15}}
,"C:\\Users\\joale\\OneDrive\\Desktop\\Skainet_FI\\Skainet-API\\src\\machines\\machines.controller.ts": {"lines":{"total":12,"covered":0,"skipped":0,"pct":0},"functions":{"total":5,"covered":0,"skipped":0,"pct":0},"statements":{"total":14,"covered":0,"skipped":0,"pct":0},"branches":{"total":4,"covered":0,"skipped":0,"pct":0}}
,"C:\\Users\\joale\\OneDrive\\Desktop\\Skainet_FI\\Skainet-API\\src\\machines\\machines.module.ts": {"lines":{"total":5,"covered":0,"skipped":0,"pct":0},"functions":{"total":0,"covered":0,"skipped":0,"pct":100},"statements":{"total":7,"covered":0,"skipped":0,"pct":0},"branches":{"total":0,"covered":0,"skipped":0,"pct":100}}
,"C:\\Users\\joale\\OneDrive\\Desktop\\Skainet_FI\\Skainet-API\\src\\machines\\machines.service.ts": {"lines":{"total":26,"covered":21,"skipped":0,"pct":80.76},"functions":{"total":6,"covered":5,"skipped":0,"pct":83.33},"statements":{"total":28,"covered":23,"skipped":0,"pct":82.14},"branches":{"total":16,"covered":11,"skipped":0,"pct":68.75}}
,"C:\\Users\\joale\\OneDrive\\Desktop\\Skainet_FI\\Skainet-API\\src\\notifications\\notifications.module.ts": {"lines":{"total":4,"covered":0,"skipped":0,"pct":0},"functions":{"total":0,"covered":0,"skipped":0,"pct":100},"statements":{"total":6,"covered":0,"skipped":0,"pct":0},"branches":{"total":0,"covered":0,"skipped":0,"pct":100}}
,"C:\\Users\\joale\\OneDrive\\Desktop\\Skainet_FI\\Skainet-API\\src\\notifications\\notifications.service.ts": {"lines":{"total":16,"covered":3,"skipped":0,"pct":18.75},"functions":{"total":6,"covered":0,"skipped":0,"pct":0},"statements":{"total":19,"covered":5,"skipped":0,"pct":26.31},"branches":{"total":8,"covered":3,"skipped":0,"pct":37.5}}
,"C:\\Users\\joale\\OneDrive\\Desktop\\Skainet_FI\\Skainet-API\\src\\orders\\orders.controller.ts": {"lines":{"total":12,"covered":8,"skipped":0,"pct":66.66},"functions":{"total":5,"covered":1,"skipped":0,"pct":20},"statements":{"total":14,"covered":10,"skipped":0,"pct":71.42},"branches":{"total":4,"covered":3,"skipped":0,"pct":75}}
,"C:\\Users\\joale\\OneDrive\\Desktop\\Skainet_FI\\Skainet-API\\src\\orders\\orders.module.ts": {"lines":{"total":8,"covered":0,"skipped":0,"pct":0},"functions":{"total":0,"covered":0,"skipped":0,"pct":100},"statements":{"total":10,"covered":0,"skipped":0,"pct":0},"branches":{"total":0,"covered":0,"skipped":0,"pct":100}}
,"C:\\Users\\joale\\OneDrive\\Desktop\\Skainet_FI\\Skainet-API\\src\\orders\\orders.service.ts": {"lines":{"total":73,"covered":65,"skipped":0,"pct":89.04},"functions":{"total":9,"covered":8,"skipped":0,"pct":88.88},"statements":{"total":81,"covered":69,"skipped":0,"pct":85.18},"branches":{"total":62,"covered":45,"skipped":0,"pct":72.58}}
,"C:\\Users\\joale\\OneDrive\\Desktop\\Skainet_FI\\Skainet-API\\src\\prisma\\prisma.module.ts": {"lines":{"total":3,"covered":0,"skipped":0,"pct":0},"functions":{"total":0,"covered":0,"skipped":0,"pct":100},"statements":{"total":5,"covered":0,"skipped":0,"pct":0},"branches":{"total":0,"covered":0,"skipped":0,"pct":100}}
,"C:\\Users\\joale\\OneDrive\\Desktop\\Skainet_FI\\Skainet-API\\src\\prisma\\prisma.service.ts": {"lines":{"total":5,"covered":3,"skipped":0,"pct":60},"functions":{"total":2,"covered":0,"skipped":0,"pct":0},"statements":{"total":7,"covered":5,"skipped":0,"pct":71.42},"branches":{"total":0,"covered":0,"skipped":0,"pct":100}}
,"C:\\Users\\joale\\OneDrive\\Desktop\\Skainet_FI\\Skainet-API\\src\\production-logs\\production-logs.controller.ts": {"lines":{"total":18,"covered":0,"skipped":0,"pct":0},"functions":{"total":5,"covered":0,"skipped":0,"pct":0},"statements":{"total":20,"covered":0,"skipped":0,"pct":0},"branches":{"total":16,"covered":0,"skipped":0,"pct":0}}
,"C:\\Users\\joale\\OneDrive\\Desktop\\Skainet_FI\\Skainet-API\\src\\production-logs\\production-logs.module.ts": {"lines":{"total":6,"covered":0,"skipped":0,"pct":0},"functions":{"total":0,"covered":0,"skipped":0,"pct":100},"statements":{"total":8,"covered":0,"skipped":0,"pct":0},"branches":{"total":0,"covered":0,"skipped":0,"pct":100}}
,"C:\\Users\\joale\\OneDrive\\Desktop\\Skainet_FI\\Skainet-API\\src\\production-logs\\production-logs.service.ts": {"lines":{"total":30,"covered":0,"skipped":0,"pct":0},"functions":{"total":5,"covered":0,"skipped":0,"pct":0},"statements":{"total":32,"covered":0,"skipped":0,"pct":0},"branches":{"total":35,"covered":0,"skipped":0,"pct":0}}
,"C:\\Users\\joale\\OneDrive\\Desktop\\Skainet_FI\\Skainet-API\\src\\recovery\\recovery.controller.ts": {"lines":{"total":8,"covered":0,"skipped":0,"pct":0},"functions":{"total":3,"covered":0,"skipped":0,"pct":0},"statements":{"total":10,"covered":0,"skipped":0,"pct":0},"branches":{"total":4,"covered":0,"skipped":0,"pct":0}}
,"C:\\Users\\joale\\OneDrive\\Desktop\\Skainet_FI\\Skainet-API\\src\\recovery\\recovery.module.ts": {"lines":{"total":4,"covered":0,"skipped":0,"pct":0},"functions":{"total":0,"covered":0,"skipped":0,"pct":100},"statements":{"total":6,"covered":0,"skipped":0,"pct":0},"branches":{"total":0,"covered":0,"skipped":0,"pct":100}}
,"C:\\Users\\joale\\OneDrive\\Desktop\\Skainet_FI\\Skainet-API\\src\\recovery\\recovery.service.ts": {"lines":{"total":13,"covered":13,"skipped":0,"pct":100},"functions":{"total":3,"covered":3,"skipped":0,"pct":100},"statements":{"total":15,"covered":15,"skipped":0,"pct":100},"branches":{"total":2,"covered":2,"skipped":0,"pct":100}}
,"C:\\Users\\joale\\OneDrive\\Desktop\\Skainet_FI\\Skainet-API\\src\\search\\search.controller.ts": {"lines":{"total":10,"covered":0,"skipped":0,"pct":0},"functions":{"total":2,"covered":0,"skipped":0,"pct":0},"statements":{"total":12,"covered":0,"skipped":0,"pct":0},"branches":{"total":8,"covered":0,"skipped":0,"pct":0}}
,"C:\\Users\\joale\\OneDrive\\Desktop\\Skainet_FI\\Skainet-API\\src\\search\\search.module.ts": {"lines":{"total":5,"covered":0,"skipped":0,"pct":0},"functions":{"total":0,"covered":0,"skipped":0,"pct":100},"statements":{"total":7,"covered":0,"skipped":0,"pct":0},"branches":{"total":0,"covered":0,"skipped":0,"pct":100}}
,"C:\\Users\\joale\\OneDrive\\Desktop\\Skainet_FI\\Skainet-API\\src\\search\\search.service.ts": {"lines":{"total":24,"covered":24,"skipped":0,"pct":100},"functions":{"total":3,"covered":3,"skipped":0,"pct":100},"statements":{"total":27,"covered":27,"skipped":0,"pct":100},"branches":{"total":35,"covered":31,"skipped":0,"pct":88.57}}
,"C:\\Users\\joale\\OneDrive\\Desktop\\Skainet_FI\\Skainet-API\\src\\stats\\stats.controller.ts": {"lines":{"total":6,"covered":0,"skipped":0,"pct":0},"functions":{"total":2,"covered":0,"skipped":0,"pct":0},"statements":{"total":8,"covered":0,"skipped":0,"pct":0},"branches":{"total":4,"covered":0,"skipped":0,"pct":0}}
,"C:\\Users\\joale\\OneDrive\\Desktop\\Skainet_FI\\Skainet-API\\src\\stats\\stats.module.ts": {"lines":{"total":7,"covered":0,"skipped":0,"pct":0},"functions":{"total":0,"covered":0,"skipped":0,"pct":100},"statements":{"total":9,"covered":0,"skipped":0,"pct":0},"branches":{"total":0,"covered":0,"skipped":0,"pct":100}}
,"C:\\Users\\joale\\OneDrive\\Desktop\\Skainet_FI\\Skainet-API\\src\\stats\\stats.service.ts": {"lines":{"total":23,"covered":23,"skipped":0,"pct":100},"functions":{"total":11,"covered":11,"skipped":0,"pct":100},"statements":{"total":30,"covered":30,"skipped":0,"pct":100},"branches":{"total":22,"covered":15,"skipped":0,"pct":68.18}}
,"C:\\Users\\joale\\OneDrive\\Desktop\\Skainet_FI\\Skainet-API\\src\\users\\users.controller.ts": {"lines":{"total":39,"covered":21,"skipped":0,"pct":53.84},"functions":{"total":11,"covered":3,"skipped":0,"pct":27.27},"statements":{"total":43,"covered":23,"skipped":0,"pct":53.48},"branches":{"total":38,"covered":11,"skipped":0,"pct":28.94}}
,"C:\\Users\\joale\\OneDrive\\Desktop\\Skainet_FI\\Skainet-API\\src\\users\\users.module.ts": {"lines":{"total":8,"covered":0,"skipped":0,"pct":0},"functions":{"total":1,"covered":0,"skipped":0,"pct":0},"statements":{"total":10,"covered":0,"skipped":0,"pct":0},"branches":{"total":0,"covered":0,"skipped":0,"pct":100}}
,"C:\\Users\\joale\\OneDrive\\Desktop\\Skainet_FI\\Skainet-API\\src\\users\\users.service.ts": {"lines":{"total":143,"covered":123,"skipped":0,"pct":86.01},"functions":{"total":21,"covered":18,"skipped":0,"pct":85.71},"statements":{"total":159,"covered":129,"skipped":0,"pct":81.13},"branches":{"total":171,"covered":133,"skipped":0,"pct":77.77}}
,"C:\\Users\\joale\\OneDrive\\Desktop\\Skainet_FI\\Skainet-API\\src\\users\\dto\\create-user.dto.ts": {"lines":{"total":10,"covered":0,"skipped":0,"pct":0},"functions":{"total":0,"covered":0,"skipped":0,"pct":100},"statements":{"total":10,"covered":0,"skipped":0,"pct":0},"branches":{"total":0,"covered":0,"skipped":0,"pct":100}}
}
