TN:
SF:Skainet-API\src\app.controller.ts
FN:6,(anonymous_2)
FN:9,(anonymous_3)
FNF:2
FNH:2
FNDA:1,(anonymous_2)
FNDA:1,(anonymous_3)
DA:1,1
DA:2,1
DA:5,1
DA:6,1
DA:9,1
DA:10,1
LF:6
LH:6
BRDA:6,0,0,1
BRDA:6,0,1,0
BRDA:6,1,0,1
BRDA:6,1,1,1
BRF:4
BRH:3
end_of_record
TN:
SF:Skainet-API\src\app.module.ts
FN:43,(anonymous_1)
FNF:1
FNH:0
FNDA:0,(anonymous_1)
DA:1,0
DA:2,0
DA:3,0
DA:4,0
DA:5,0
DA:6,0
DA:7,0
DA:8,0
DA:9,0
DA:10,0
DA:11,0
DA:12,0
DA:13,0
DA:14,0
DA:15,0
DA:16,0
DA:17,0
DA:18,0
DA:19,0
DA:42,0
DA:44,0
LF:21
LH:0
BRF:0
BRH:0
end_of_record
TN:
SF:Skainet-API\src\app.service.ts
FN:5,(anonymous_1)
FNF:1
FNH:1
FNDA:1,(anonymous_1)
DA:1,1
DA:4,1
DA:6,1
LF:3
LH:3
BRF:0
BRH:0
end_of_record
TN:
SF:Skainet-API\src\main.ts
FN:6,bootstrap
FNF:1
FNH:0
FNDA:0,bootstrap
DA:1,0
DA:2,0
DA:3,0
DA:4,0
DA:7,0
DA:8,0
DA:9,0
DA:12,0
DA:19,0
DA:20,0
DA:22,0
DA:23,0
DA:24,0
DA:25,0
DA:26,0
DA:27,0
DA:29,0
LF:17
LH:0
BRDA:22,0,0,0
BRDA:22,0,1,0
BRF:2
BRH:0
end_of_record
TN:
SF:Skainet-API\src\alerts\alerts.controller.ts
FN:6,(anonymous_2)
FN:9,(anonymous_3)
FNF:2
FNH:0
FNDA:0,(anonymous_2)
FNDA:0,(anonymous_3)
DA:1,0
DA:2,0
DA:5,0
DA:6,0
DA:9,0
DA:10,0
LF:6
LH:0
BRDA:6,0,0,0
BRDA:6,0,1,0
BRDA:6,1,0,0
BRDA:6,1,1,0
BRF:4
BRH:0
end_of_record
TN:
SF:Skainet-API\src\alerts\alerts.module.ts
FNF:0
FNH:0
DA:1,0
DA:2,0
DA:3,0
DA:4,0
DA:12,0
LF:5
LH:0
BRF:0
BRH:0
end_of_record
TN:
SF:Skainet-API\src\alerts\alerts.service.ts
FN:19,(anonymous_2)
FN:24,(anonymous_3)
FN:53,(anonymous_4)
FN:68,(anonymous_5)
FN:76,(anonymous_6)
FNF:5
FNH:4
FNDA:7,(anonymous_2)
FNDA:0,(anonymous_3)
FNDA:5,(anonymous_4)
FNDA:2,(anonymous_5)
FNDA:5,(anonymous_6)
DA:1,12
DA:2,12
DA:3,12
DA:16,12
DA:17,7
DA:20,7
DA:21,7
DA:25,0
DA:26,0
DA:27,0
DA:28,0
DA:54,5
DA:64,5
DA:65,5
DA:69,2
DA:77,5
DA:78,5
DA:81,5
DA:83,5
LF:19
LH:15
BRDA:26,0,0,0
BRDA:26,0,1,0
BRDA:60,1,0,5
BRDA:60,1,1,2
BRDA:77,2,0,2
BRDA:77,2,1,3
BRDA:20,3,0,12
BRDA:20,3,1,0
BRDA:20,4,0,12
BRDA:20,4,1,12
BRDA:20,5,0,12
BRDA:20,5,1,0
BRDA:20,6,0,12
BRDA:20,6,1,12
BRF:14
BRH:10
end_of_record
TN:
SF:Skainet-API\src\audit\audit.module.ts
FNF:0
FNH:0
DA:1,0
DA:2,0
DA:3,0
DA:10,0
LF:4
LH:0
BRF:0
BRH:0
end_of_record
TN:
SF:Skainet-API\src\audit\audit.service.ts
FN:6,(anonymous_2)
FN:8,(anonymous_3)
FN:24,(anonymous_4)
FN:30,(anonymous_5)
FNF:4
FNH:4
FNDA:4,(anonymous_2)
FNDA:1,(anonymous_3)
FNDA:1,(anonymous_4)
FNDA:1,(anonymous_5)
DA:1,30
DA:2,30
DA:5,30
DA:6,4
DA:9,1
DA:10,1
DA:20,0
DA:25,1
DA:31,1
LF:9
LH:8
BRDA:12,0,0,1
BRDA:12,0,1,0
BRDA:13,1,0,1
BRDA:13,1,1,1
BRDA:16,2,0,0
BRDA:16,2,1,1
BRDA:6,3,0,30
BRDA:6,3,1,0
BRDA:6,4,0,30
BRDA:6,4,1,30
BRF:10
BRH:7
end_of_record
TN:
SF:Skainet-API\src\auth\auth.module.ts
FN:12,(anonymous_1)
FNF:1
FNH:0
FNDA:0,(anonymous_1)
DA:1,0
DA:2,0
DA:3,0
DA:4,0
DA:5,0
DA:6,0
DA:7,0
DA:8,0
DA:12,0
DA:24,0
LF:10
LH:0
BRDA:17,0,0,0
BRDA:17,0,1,0
BRF:2
BRH:0
end_of_record
TN:
SF:Skainet-API\src\auth\auth.service.ts
FN:9,(anonymous_4)
FN:16,(anonymous_5)
FNF:2
FNH:2
FNDA:66,(anonymous_4)
FNDA:26,(anonymous_5)
DA:1,7
DA:2,7
DA:3,7
DA:4,7
DA:5,7
DA:8,7
DA:10,66
DA:11,66
DA:12,66
DA:13,66
DA:17,26
DA:18,3
DA:21,23
DA:23,23
DA:24,7
DA:25,7
DA:26,2
DA:28,5
DA:29,2
DA:31,3
DA:32,3
DA:33,3
DA:41,16
DA:45,16
DA:47,1
DA:51,15
DA:52,1
DA:56,14
DA:57,0
DA:58,0
DA:62,14
DA:63,6
DA:64,2
DA:66,6
DA:67,6
DA:69,6
DA:70,1
DA:73,6
DA:74,0
DA:80,6
DA:81,0
DA:83,6
DA:87,8
DA:88,0
DA:98,8
DA:99,0
DA:102,8
DA:103,8
DA:105,8
LF:49
LH:43
BRDA:17,0,0,3
BRDA:17,0,1,23
BRDA:17,1,0,26
BRDA:17,1,1,24
BRDA:23,2,0,7
BRDA:23,2,1,16
BRDA:25,3,0,2
BRDA:25,3,1,5
BRDA:28,4,0,2
BRDA:28,4,1,3
BRDA:28,5,0,5
BRDA:28,5,1,3
BRDA:37,6,0,3
BRDA:37,6,1,0
BRDA:41,7,0,16
BRDA:41,7,1,16
BRDA:41,7,2,16
BRDA:41,8,0,0
BRDA:41,8,1,16
BRDA:42,9,0,0
BRDA:42,9,1,16
BRDA:43,10,0,16
BRDA:43,10,1,0
BRDA:45,11,0,1
BRDA:45,11,1,15
BRDA:51,12,0,1
BRDA:51,12,1,14
BRDA:56,13,0,0
BRDA:56,13,1,14
BRDA:56,14,0,14
BRDA:56,14,1,0
BRDA:62,15,0,6
BRDA:62,15,1,8
BRDA:63,16,0,2
BRDA:63,16,1,4
BRDA:66,17,0,6
BRDA:66,17,1,5
BRDA:69,18,0,1
BRDA:69,18,1,5
BRDA:73,19,0,0
BRDA:73,19,1,6
BRDA:80,20,0,0
BRDA:80,20,1,6
BRDA:87,21,0,0
BRDA:87,21,1,8
BRDA:98,22,0,0
BRDA:98,22,1,8
BRDA:109,23,0,8
BRDA:109,23,1,0
BRDA:10,24,0,7
BRDA:10,24,1,0
BRDA:10,25,0,7
BRDA:10,25,1,7
BRDA:10,26,0,7
BRDA:10,26,1,0
BRDA:10,27,0,7
BRDA:10,27,1,7
BRDA:11,28,0,7
BRDA:11,28,1,0
BRDA:11,29,0,7
BRDA:11,29,1,7
BRDA:12,30,0,7
BRDA:12,30,1,0
BRDA:12,31,0,7
BRDA:12,31,1,7
BRF:65
BRH:50
end_of_record
TN:
SF:Skainet-API\src\auth\jwt-auth.guard.ts
FNF:0
FNH:0
DA:1,2
DA:2,2
DA:5,2
LF:3
LH:3
BRF:0
BRH:0
end_of_record
TN:
SF:Skainet-API\src\auth\jwt.strategy.ts
FN:8,(anonymous_2)
FN:16,(anonymous_3)
FNF:2
FNH:0
FNDA:0,(anonymous_2)
FNDA:0,(anonymous_3)
DA:1,0
DA:2,0
DA:3,0
DA:4,0
DA:7,0
DA:8,0
DA:9,0
DA:17,0
DA:18,0
DA:19,0
DA:21,0
LF:11
LH:0
BRDA:12,0,0,0
BRDA:12,0,1,0
BRDA:18,1,0,0
BRDA:18,1,1,0
BRDA:8,2,0,0
BRDA:8,2,1,0
BRDA:8,3,0,0
BRDA:8,3,1,0
BRF:8
BRH:0
end_of_record
TN:
SF:Skainet-API\src\batches\batches.controller.ts
FN:8,(anonymous_4)
FN:11,(anonymous_5)
FN:16,(anonymous_6)
FN:21,(anonymous_7)
FNF:4
FNH:1
FNDA:1,(anonymous_4)
FNDA:0,(anonymous_5)
FNDA:0,(anonymous_6)
FNDA:0,(anonymous_7)
DA:1,1
DA:2,1
DA:3,1
DA:7,1
DA:8,1
DA:11,1
DA:12,0
DA:16,1
DA:17,0
DA:21,1
DA:22,0
LF:11
LH:8
BRDA:8,0,0,1
BRDA:8,0,1,0
BRDA:8,1,0,1
BRDA:8,1,1,1
BRF:4
BRH:3
end_of_record
TN:
SF:Skainet-API\src\batches\batches.module.ts
FNF:0
FNH:0
DA:1,0
DA:2,0
DA:3,0
DA:10,0
LF:4
LH:0
BRF:0
BRH:0
end_of_record
TN:
SF:Skainet-API\src\batches\batches.service.ts
FN:23,(anonymous_2)
FN:25,(anonymous_3)
FN:64,(anonymous_4)
FN:85,(anonymous_5)
FN:97,(anonymous_6)
FN:101,(anonymous_7)
FN:106,(anonymous_8)
FN:110,(anonymous_9)
FNF:8
FNH:7
FNDA:10,(anonymous_2)
FNDA:0,(anonymous_3)
FNDA:2,(anonymous_4)
FNDA:5,(anonymous_5)
FNDA:2,(anonymous_6)
FNDA:1,(anonymous_7)
FNDA:2,(anonymous_8)
FNDA:2,(anonymous_9)
DA:1,12
DA:2,12
DA:22,12
DA:23,10
DA:26,0
DA:27,0
DA:28,0
DA:45,0
DA:60,0
DA:65,2
DA:66,2
DA:68,2
DA:69,5
DA:70,5
DA:78,2
DA:85,5
DA:98,2
DA:102,1
DA:103,1
DA:107,2
DA:111,2
DA:112,2
DA:113,2
LF:23
LH:18
BRDA:27,0,0,0
BRDA:27,0,1,0
BRDA:112,1,0,2
BRDA:112,1,1,0
BRDA:23,2,0,12
BRDA:23,2,1,0
BRDA:23,3,0,12
BRDA:23,3,1,12
BRF:8
BRH:4
end_of_record
TN:
SF:Skainet-API\src\client-orders\client-orders.controller.ts
FN:6,(anonymous_4)
FN:9,(anonymous_5)
FN:14,(anonymous_6)
FN:19,(anonymous_7)
FNF:4
FNH:0
FNDA:0,(anonymous_4)
FNDA:0,(anonymous_5)
FNDA:0,(anonymous_6)
FNDA:0,(anonymous_7)
DA:1,0
DA:2,0
DA:5,0
DA:6,0
DA:9,0
DA:10,0
DA:14,0
DA:15,0
DA:19,0
DA:20,0
LF:10
LH:0
BRDA:6,0,0,0
BRDA:6,0,1,0
BRDA:6,1,0,0
BRDA:6,1,1,0
BRF:4
BRH:0
end_of_record
TN:
SF:Skainet-API\src\client-orders\client-orders.module.ts
FNF:0
FNH:0
DA:1,0
DA:2,0
DA:3,0
DA:4,0
DA:12,0
LF:5
LH:0
BRF:0
BRH:0
end_of_record
TN:
SF:Skainet-API\src\client-orders\client-orders.service.ts
FN:7,(anonymous_2)
FN:12,(anonymous_3)
FN:43,(anonymous_4)
FN:47,(anonymous_5)
FN:69,(anonymous_6)
FNF:5
FNH:4
FNDA:4,(anonymous_2)
FNDA:0,(anonymous_3)
FNDA:1,(anonymous_4)
FNDA:2,(anonymous_5)
FNDA:1,(anonymous_6)
DA:1,1
DA:2,1
DA:3,1
DA:6,1
DA:8,4
DA:9,4
DA:13,0
DA:14,0
DA:15,0
DA:39,0
DA:44,1
DA:48,2
DA:49,2
DA:62,2
DA:63,1
DA:66,2
DA:70,1
DA:71,1
DA:73,1
LF:19
LH:15
BRDA:14,0,0,0
BRDA:14,0,1,0
BRDA:62,1,0,1
BRDA:62,1,1,1
BRDA:71,2,0,1
BRDA:71,2,1,0
BRDA:8,3,0,1
BRDA:8,3,1,0
BRDA:8,4,0,1
BRDA:8,4,1,1
BRDA:8,5,0,1
BRDA:8,5,1,0
BRDA:8,6,0,1
BRDA:8,6,1,1
BRF:14
BRH:9
end_of_record
TN:
SF:Skainet-API\src\common\filters\http-exception.filter.ts
FN:8,(anonymous_1)
FNF:1
FNH:0
FNDA:0,(anonymous_1)
DA:1,0
DA:5,0
DA:6,0
DA:9,0
DA:10,0
DA:11,0
DA:14,0
DA:19,0
DA:23,0
DA:33,0
DA:38,0
LF:11
LH:0
BRDA:14,0,0,0
BRDA:14,0,1,0
BRDA:19,1,0,0
BRDA:19,1,1,0
BRDA:28,2,0,0
BRDA:28,2,1,0
BRDA:28,3,0,0
BRDA:28,3,1,0
BRDA:29,4,0,0
BRDA:29,4,1,0
BRF:10
BRH:0
end_of_record
TN:
SF:Skainet-API\src\common\middleware\logger.middleware.ts
FN:8,(anonymous_1)
FN:13,(anonymous_2)
FNF:2
FNH:0
FNDA:0,(anonymous_1)
FNDA:0,(anonymous_2)
DA:1,0
DA:5,0
DA:6,0
DA:9,0
DA:10,0
DA:11,0
DA:13,0
DA:14,0
DA:15,0
DA:17,0
DA:22,0
LF:11
LH:0
BRDA:10,0,0,0
BRDA:10,0,1,0
BRF:2
BRH:0
end_of_record
TN:
SF:Skainet-API\src\inventory\inventory.controller.ts
FN:9,(anonymous_4)
FN:12,(anonymous_5)
FN:18,(anonymous_6)
FN:26,(anonymous_7)
FN:34,(anonymous_8)
FN:42,(anonymous_9)
FN:50,(anonymous_10)
FN:58,(anonymous_11)
FNF:8
FNH:0
FNDA:0,(anonymous_4)
FNDA:0,(anonymous_5)
FNDA:0,(anonymous_6)
FNDA:0,(anonymous_7)
FNDA:0,(anonymous_8)
FNDA:0,(anonymous_9)
FNDA:0,(anonymous_10)
FNDA:0,(anonymous_11)
DA:1,0
DA:2,0
DA:3,0
DA:4,0
DA:8,0
DA:9,0
DA:12,0
DA:13,0
DA:18,0
DA:19,0
DA:20,0
DA:21,0
DA:26,0
DA:27,0
DA:28,0
DA:29,0
DA:34,0
DA:35,0
DA:36,0
DA:37,0
DA:42,0
DA:43,0
DA:44,0
DA:45,0
DA:50,0
DA:51,0
DA:52,0
DA:53,0
DA:58,0
DA:59,0
DA:60,0
DA:61,0
LF:32
LH:0
BRDA:19,0,0,0
BRDA:19,0,1,0
BRDA:19,0,2,0
BRDA:20,1,0,0
BRDA:20,1,1,0
BRDA:20,1,2,0
BRDA:27,2,0,0
BRDA:27,2,1,0
BRDA:27,2,2,0
BRDA:28,3,0,0
BRDA:28,3,1,0
BRDA:28,3,2,0
BRDA:35,4,0,0
BRDA:35,4,1,0
BRDA:35,4,2,0
BRDA:36,5,0,0
BRDA:36,5,1,0
BRDA:36,5,2,0
BRDA:43,6,0,0
BRDA:43,6,1,0
BRDA:43,6,2,0
BRDA:44,7,0,0
BRDA:44,7,1,0
BRDA:44,7,2,0
BRDA:51,8,0,0
BRDA:51,8,1,0
BRDA:51,8,2,0
BRDA:52,9,0,0
BRDA:52,9,1,0
BRDA:52,9,2,0
BRDA:59,10,0,0
BRDA:59,10,1,0
BRDA:60,11,0,0
BRDA:60,11,1,0
BRDA:9,12,0,0
BRDA:9,12,1,0
BRDA:9,13,0,0
BRDA:9,13,1,0
BRF:38
BRH:0
end_of_record
TN:
SF:Skainet-API\src\inventory\inventory.module.ts
FNF:0
FNH:0
DA:1,0
DA:2,0
DA:3,0
DA:4,0
DA:5,0
DA:13,0
LF:6
LH:0
BRF:0
BRH:0
end_of_record
TN:
SF:Skainet-API\src\inventory\inventory.service.ts
FN:7,(anonymous_4)
FN:13,(anonymous_5)
FN:71,(anonymous_6)
FN:92,(anonymous_7)
FN:141,(anonymous_8)
FN:174,(anonymous_9)
FN:221,(anonymous_10)
FN:274,(anonymous_11)
FNF:8
FNH:5
FNDA:10,(anonymous_4)
FNDA:2,(anonymous_5)
FNDA:2,(anonymous_6)
FNDA:0,(anonymous_7)
FNDA:0,(anonymous_8)
FNDA:4,(anonymous_9)
FNDA:2,(anonymous_10)
FNDA:0,(anonymous_11)
DA:1,2
DA:2,2
DA:3,2
DA:6,2
DA:8,10
DA:9,10
DA:14,2
DA:15,1
DA:18,1
DA:19,1
DA:20,0
DA:24,1
DA:30,1
DA:31,0
DA:34,1
DA:45,1
DA:46,1
DA:57,1
DA:58,1
DA:67,1
DA:72,2
DA:73,2
DA:74,0
DA:76,2
DA:77,1
DA:79,2
DA:80,0
DA:82,2
DA:85,2
DA:93,0
DA:94,0
DA:95,0
DA:99,0
DA:100,0
DA:104,0
DA:105,0
DA:112,0
DA:113,0
DA:117,0
DA:127,0
DA:128,0
DA:137,0
DA:143,0
DA:144,0
DA:147,0
DA:148,0
DA:149,0
DA:151,0
DA:152,0
DA:155,0
DA:160,0
DA:161,0
DA:170,0
DA:175,4
DA:176,0
DA:179,4
DA:180,4
DA:181,2
DA:184,2
DA:185,2
DA:186,0
DA:189,2
DA:191,2
DA:196,2
DA:207,2
DA:208,2
DA:217,2
DA:222,2
DA:223,2
DA:224,0
DA:228,2
DA:229,0
DA:232,2
DA:233,2
DA:234,0
DA:238,2
DA:239,1
DA:242,1
DA:244,1
DA:249,1
DA:260,1
DA:261,1
DA:270,1
DA:275,0
DA:276,0
DA:277,0
DA:280,0
DA:281,0
DA:284,0
LF:89
LH:50
BRDA:14,0,0,1
BRDA:14,0,1,1
BRDA:14,1,0,2
BRDA:14,1,1,2
BRDA:14,1,2,1
BRDA:18,2,0,1
BRDA:18,2,1,0
BRDA:18,2,2,0
BRDA:19,3,0,0
BRDA:19,3,1,1
BRDA:19,4,0,1
BRDA:19,4,1,1
BRDA:30,5,0,0
BRDA:30,5,1,1
BRDA:40,6,0,1
BRDA:40,6,1,0
BRDA:45,7,0,1
BRDA:45,7,1,0
BRDA:57,8,0,1
BRDA:57,8,1,0
BRDA:73,9,0,0
BRDA:73,9,1,2
BRDA:76,10,0,1
BRDA:76,10,1,1
BRDA:79,11,0,0
BRDA:79,11,1,2
BRDA:94,12,0,0
BRDA:94,12,1,0
BRDA:94,13,0,0
BRDA:94,13,1,0
BRDA:99,14,0,0
BRDA:99,14,1,0
BRDA:99,15,0,0
BRDA:99,15,1,0
BRDA:104,16,0,0
BRDA:104,16,1,0
BRDA:104,17,0,0
BRDA:104,17,1,0
BRDA:112,18,0,0
BRDA:112,18,1,0
BRDA:120,19,0,0
BRDA:120,19,1,0
BRDA:121,20,0,0
BRDA:121,20,1,0
BRDA:122,21,0,0
BRDA:122,21,1,0
BRDA:123,22,0,0
BRDA:123,22,1,0
BRDA:127,23,0,0
BRDA:127,23,1,0
BRDA:143,24,0,0
BRDA:143,24,1,0
BRDA:148,25,0,0
BRDA:148,25,1,0
BRDA:151,26,0,0
BRDA:151,26,1,0
BRDA:160,27,0,0
BRDA:160,27,1,0
BRDA:175,28,0,0
BRDA:175,28,1,4
BRDA:180,29,0,2
BRDA:180,29,1,2
BRDA:180,30,0,4
BRDA:180,30,1,4
BRDA:185,31,0,0
BRDA:185,31,1,2
BRDA:185,32,0,2
BRDA:185,32,1,2
BRDA:201,33,0,2
BRDA:201,33,1,2
BRDA:202,34,0,2
BRDA:202,34,1,1
BRDA:207,35,0,2
BRDA:207,35,1,0
BRDA:223,36,0,0
BRDA:223,36,1,2
BRDA:223,37,0,2
BRDA:223,37,1,2
BRDA:228,38,0,0
BRDA:228,38,1,2
BRDA:233,39,0,0
BRDA:233,39,1,2
BRDA:233,40,0,2
BRDA:233,40,1,2
BRDA:238,41,0,1
BRDA:238,41,1,1
BRDA:255,42,0,1
BRDA:255,42,1,1
BRDA:260,43,0,1
BRDA:260,43,1,0
BRDA:276,44,0,0
BRDA:276,44,1,0
BRDA:277,45,0,0
BRDA:277,45,1,0
BRDA:280,46,0,0
BRDA:280,46,1,0
BRDA:8,47,0,2
BRDA:8,47,1,0
BRDA:8,48,0,2
BRDA:8,48,1,2
BRDA:8,49,0,2
BRDA:8,49,1,0
BRDA:8,50,0,2
BRDA:8,50,1,2
BRF:104
BRH:48
end_of_record
TN:
SF:Skainet-API\src\machines\machines.controller.ts
FN:6,(anonymous_4)
FN:9,(anonymous_5)
FN:14,(anonymous_6)
FN:19,(anonymous_7)
FN:24,(anonymous_8)
FNF:5
FNH:0
FNDA:0,(anonymous_4)
FNDA:0,(anonymous_5)
FNDA:0,(anonymous_6)
FNDA:0,(anonymous_7)
FNDA:0,(anonymous_8)
DA:1,0
DA:2,0
DA:5,0
DA:6,0
DA:9,0
DA:10,0
DA:14,0
DA:15,0
DA:19,0
DA:20,0
DA:24,0
DA:25,0
LF:12
LH:0
BRDA:6,0,0,0
BRDA:6,0,1,0
BRDA:6,1,0,0
BRDA:6,1,1,0
BRF:4
BRH:0
end_of_record
TN:
SF:Skainet-API\src\machines\machines.module.ts
FNF:0
FNH:0
DA:1,0
DA:2,0
DA:3,0
DA:4,0
DA:11,0
LF:5
LH:0
BRF:0
BRH:0
end_of_record
TN:
SF:Skainet-API\src\machines\machines.service.ts
FN:7,(anonymous_2)
FN:12,(anonymous_3)
FN:26,(anonymous_4)
FN:30,(anonymous_5)
FN:52,(anonymous_6)
FN:72,(anonymous_7)
FNF:6
FNH:5
FNDA:11,(anonymous_2)
FNDA:0,(anonymous_3)
FNDA:3,(anonymous_4)
FNDA:4,(anonymous_5)
FNDA:2,(anonymous_6)
FNDA:2,(anonymous_7)
DA:1,2
DA:2,2
DA:3,2
DA:6,2
DA:8,11
DA:9,11
DA:13,0
DA:14,0
DA:15,0
DA:22,0
DA:27,3
DA:31,4
DA:32,4
DA:33,3
DA:34,3
DA:39,3
DA:40,2
DA:47,3
DA:49,1
DA:53,2
DA:54,2
DA:55,2
DA:60,2
DA:67,2
DA:69,0
DA:73,2
LF:26
LH:21
BRDA:14,0,0,0
BRDA:14,0,1,0
BRDA:32,1,0,3
BRDA:32,1,1,1
BRDA:39,2,0,2
BRDA:39,2,1,1
BRDA:54,3,0,2
BRDA:54,3,1,0
BRDA:8,4,0,2
BRDA:8,4,1,0
BRDA:8,5,0,2
BRDA:8,5,1,2
BRDA:8,6,0,2
BRDA:8,6,1,0
BRDA:8,7,0,2
BRDA:8,7,1,2
BRF:16
BRH:11
end_of_record
TN:
SF:Skainet-API\src\notifications\notifications.module.ts
FNF:0
FNH:0
DA:1,0
DA:2,0
DA:3,0
DA:10,0
LF:4
LH:0
BRF:0
BRH:0
end_of_record
TN:
SF:Skainet-API\src\notifications\notifications.service.ts
FN:8,(anonymous_2)
FN:10,(anonymous_3)
FN:12,(anonymous_4)
FN:23,(anonymous_5)
FN:30,(anonymous_6)
FN:32,(anonymous_7)
FNF:6
FNH:0
FNDA:0,(anonymous_2)
FNDA:0,(anonymous_3)
FNDA:0,(anonymous_4)
FNDA:0,(anonymous_5)
FNDA:0,(anonymous_6)
FNDA:0,(anonymous_7)
DA:1,13
DA:2,13
DA:5,13
DA:6,0
DA:8,0
DA:11,0
DA:12,0
DA:13,0
DA:16,0
DA:17,0
DA:18,0
DA:24,0
DA:25,0
DA:27,0
DA:32,0
DA:34,0
LF:16
LH:3
BRDA:13,0,0,0
BRDA:13,0,1,0
BRDA:17,1,0,0
BRDA:17,1,1,0
BRDA:8,2,0,13
BRDA:8,2,1,0
BRDA:8,3,0,13
BRDA:8,3,1,13
BRF:8
BRH:3
end_of_record
TN:
SF:Skainet-API\src\orders\orders.controller.ts
FN:6,(anonymous_4)
FN:9,(anonymous_5)
FN:20,(anonymous_6)
FN:25,(anonymous_7)
FN:30,(anonymous_8)
FNF:5
FNH:1
FNDA:1,(anonymous_4)
FNDA:0,(anonymous_5)
FNDA:0,(anonymous_6)
FNDA:0,(anonymous_7)
FNDA:0,(anonymous_8)
DA:1,1
DA:2,1
DA:5,1
DA:6,1
DA:9,1
DA:16,0
DA:20,1
DA:21,0
DA:25,1
DA:26,0
DA:30,1
DA:34,0
LF:12
LH:8
BRDA:6,0,0,1
BRDA:6,0,1,0
BRDA:6,1,0,1
BRDA:6,1,1,1
BRF:4
BRH:3
end_of_record
TN:
SF:Skainet-API\src\orders\orders.module.ts
FNF:0
FNH:0
DA:1,0
DA:2,0
DA:3,0
DA:4,0
DA:6,0
DA:7,0
DA:9,0
DA:17,0
LF:8
LH:0
BRF:0
BRH:0
end_of_record
TN:
SF:Skainet-API\src\orders\orders.service.ts
FN:32,parseOrder
FN:42,(anonymous_3)
FN:49,(anonymous_4)
FN:109,(anonymous_5)
FN:168,(anonymous_6)
FN:171,(anonymous_7)
FN:174,(anonymous_8)
FN:182,(anonymous_9)
FN:243,(anonymous_10)
FNF:9
FNH:8
FNDA:17,parseOrder
FNDA:24,(anonymous_3)
FNDA:0,(anonymous_4)
FNDA:7,(anonymous_5)
FNDA:2,(anonymous_6)
FNDA:3,(anonymous_7)
FNDA:2,(anonymous_8)
FNDA:11,(anonymous_9)
FNDA:2,(anonymous_10)
DA:1,8
DA:2,8
DA:3,8
DA:4,8
DA:5,8
DA:33,17
DA:34,17
DA:41,8
DA:43,24
DA:44,24
DA:45,24
DA:46,24
DA:50,0
DA:51,0
DA:52,0
DA:105,0
DA:116,7
DA:118,7
DA:119,7
DA:121,7
DA:122,1
DA:125,6
DA:128,6
DA:129,1
DA:132,5
DA:133,5
DA:134,0
DA:137,5
DA:138,1
DA:141,4
DA:143,4
DA:144,4
DA:162,4
DA:163,4
DA:165,4
DA:169,2
DA:170,2
DA:171,3
DA:175,2
DA:178,2
DA:179,1
DA:183,11
DA:184,11
DA:185,11
DA:187,11
DA:188,11
DA:189,11
DA:190,0
DA:193,11
DA:194,11
DA:196,11
DA:197,11
DA:199,11
DA:200,2
DA:203,9
DA:204,9
DA:205,9
DA:208,9
DA:209,9
DA:212,9
DA:224,9
DA:226,9
DA:227,3
DA:228,3
DA:237,9
DA:244,2
DA:245,2
DA:246,2
DA:247,3
DA:248,3
DA:249,3
DA:250,0
DA:251,0
LF:73
LH:65
BRDA:33,0,0,0
BRDA:33,0,1,17
BRDA:36,1,0,5
BRDA:36,1,1,12
BRDA:51,2,0,0
BRDA:51,2,1,0
BRDA:121,3,0,1
BRDA:121,3,1,6
BRDA:121,4,0,7
BRDA:121,4,1,6
BRDA:128,5,0,1
BRDA:128,5,1,5
BRDA:133,6,0,0
BRDA:133,6,1,5
BRDA:137,7,0,1
BRDA:137,7,1,4
BRDA:137,8,0,5
BRDA:137,8,1,1
BRDA:158,9,0,4
BRDA:158,9,1,0
BRDA:178,10,0,1
BRDA:178,10,1,1
BRDA:184,11,0,0
BRDA:184,11,1,11
BRDA:185,12,0,0
BRDA:185,12,1,11
BRDA:188,13,0,0
BRDA:188,13,1,11
BRDA:189,14,0,0
BRDA:189,14,1,11
BRDA:189,15,0,11
BRDA:189,15,1,0
BRDA:199,16,0,2
BRDA:199,16,1,9
BRDA:199,17,0,11
BRDA:199,17,1,5
BRDA:226,18,0,3
BRDA:226,18,1,6
BRDA:231,19,0,3
BRDA:231,19,1,1
BRDA:247,20,0,1
BRDA:247,20,1,2
BRDA:249,21,0,0
BRDA:249,21,1,3
BRDA:254,22,0,0
BRDA:254,22,1,0
BRDA:43,23,0,8
BRDA:43,23,1,0
BRDA:43,24,0,8
BRDA:43,24,1,8
BRDA:43,25,0,8
BRDA:43,25,1,0
BRDA:43,26,0,8
BRDA:43,26,1,8
BRDA:44,27,0,8
BRDA:44,27,1,0
BRDA:44,28,0,8
BRDA:44,28,1,8
BRDA:45,29,0,8
BRDA:45,29,1,0
BRDA:45,30,0,8
BRDA:45,30,1,8
BRF:62
BRH:45
end_of_record
TN:
SF:Skainet-API\src\prisma\prisma.module.ts
FNF:0
FNH:0
DA:1,0
DA:2,0
DA:9,0
LF:3
LH:0
BRF:0
BRH:0
end_of_record
TN:
SF:Skainet-API\src\prisma\prisma.service.ts
FN:6,(anonymous_1)
FN:10,(anonymous_2)
FNF:2
FNH:0
FNDA:0,(anonymous_1)
FNDA:0,(anonymous_2)
DA:1,37
DA:2,37
DA:5,37
DA:7,0
DA:11,0
LF:5
LH:3
BRF:0
BRH:0
end_of_record
TN:
SF:Skainet-API\src\production-logs\production-logs.controller.ts
FN:9,(anonymous_4)
FN:13,(anonymous_5)
FN:20,(anonymous_6)
FN:26,(anonymous_7)
FN:33,(anonymous_8)
FNF:5
FNH:0
FNDA:0,(anonymous_4)
FNDA:0,(anonymous_5)
FNDA:0,(anonymous_6)
FNDA:0,(anonymous_7)
FNDA:0,(anonymous_8)
DA:1,0
DA:2,0
DA:3,0
DA:4,0
DA:8,0
DA:9,0
DA:13,0
DA:14,0
DA:15,0
DA:16,0
DA:20,0
DA:21,0
DA:26,0
DA:27,0
DA:28,0
DA:29,0
DA:33,0
DA:34,0
LF:18
LH:0
BRDA:14,0,0,0
BRDA:14,0,1,0
BRDA:14,0,2,0
BRDA:15,1,0,0
BRDA:15,1,1,0
BRDA:15,1,2,0
BRDA:27,2,0,0
BRDA:27,2,1,0
BRDA:27,2,2,0
BRDA:28,3,0,0
BRDA:28,3,1,0
BRDA:28,3,2,0
BRDA:9,4,0,0
BRDA:9,4,1,0
BRDA:9,5,0,0
BRDA:9,5,1,0
BRF:16
BRH:0
end_of_record
TN:
SF:Skainet-API\src\production-logs\production-logs.module.ts
FNF:0
FNH:0
DA:1,0
DA:2,0
DA:3,0
DA:4,0
DA:5,0
DA:13,0
LF:6
LH:0
BRF:0
BRH:0
end_of_record
TN:
SF:Skainet-API\src\production-logs\production-logs.service.ts
FN:7,(anonymous_4)
FN:13,(anonymous_5)
FN:50,(anonymous_6)
FN:58,(anonymous_7)
FN:105,(anonymous_8)
FNF:5
FNH:0
FNDA:0,(anonymous_4)
FNDA:0,(anonymous_5)
FNDA:0,(anonymous_6)
FNDA:0,(anonymous_7)
FNDA:0,(anonymous_8)
DA:1,0
DA:2,0
DA:3,0
DA:6,0
DA:8,0
DA:9,0
DA:14,0
DA:15,0
DA:18,0
DA:19,0
DA:20,0
DA:23,0
DA:33,0
DA:34,0
DA:43,0
DA:51,0
DA:59,0
DA:60,0
DA:61,0
DA:63,0
DA:64,0
DA:68,0
DA:69,0
DA:70,0
DA:74,0
DA:76,0
DA:88,0
DA:89,0
DA:98,0
DA:106,0
LF:30
LH:0
BRDA:14,0,0,0
BRDA:14,0,1,0
BRDA:14,1,0,0
BRDA:14,1,1,0
BRDA:14,1,2,0
BRDA:19,2,0,0
BRDA:19,2,1,0
BRDA:29,3,0,0
BRDA:29,3,1,0
BRDA:33,4,0,0
BRDA:33,4,1,0
BRDA:45,5,0,0
BRDA:45,5,1,0
BRDA:63,6,0,0
BRDA:63,6,1,0
BRDA:63,7,0,0
BRDA:63,7,1,0
BRDA:63,7,2,0
BRDA:63,7,3,0
BRDA:63,7,4,0
BRDA:63,7,5,0
BRDA:69,8,0,0
BRDA:69,8,1,0
BRDA:80,9,0,0
BRDA:80,9,1,0
BRDA:88,10,0,0
BRDA:88,10,1,0
BRDA:8,11,0,0
BRDA:8,11,1,0
BRDA:8,12,0,0
BRDA:8,12,1,0
BRDA:8,13,0,0
BRDA:8,13,1,0
BRDA:8,14,0,0
BRDA:8,14,1,0
BRF:35
BRH:0
end_of_record
TN:
SF:Skainet-API\src\recovery\recovery.controller.ts
FN:6,(anonymous_4)
FN:9,(anonymous_5)
FN:14,(anonymous_6)
FNF:3
FNH:0
FNDA:0,(anonymous_4)
FNDA:0,(anonymous_5)
FNDA:0,(anonymous_6)
DA:1,0
DA:2,0
DA:5,0
DA:6,0
DA:9,0
DA:10,0
DA:14,0
DA:15,0
LF:8
LH:0
BRDA:6,0,0,0
BRDA:6,0,1,0
BRDA:6,1,0,0
BRDA:6,1,1,0
BRF:4
BRH:0
end_of_record
TN:
SF:Skainet-API\src\recovery\recovery.module.ts
FNF:0
FNH:0
DA:1,0
DA:2,0
DA:3,0
DA:10,0
LF:4
LH:0
BRF:0
BRH:0
end_of_record
TN:
SF:Skainet-API\src\recovery\recovery.service.ts
FN:25,(anonymous_1)
FN:29,(anonymous_2)
FN:39,(anonymous_3)
FNF:3
FNH:3
FNDA:6,(anonymous_1)
FNDA:7,(anonymous_2)
FNDA:3,(anonymous_3)
DA:1,1
DA:14,1
DA:19,5
DA:26,6
DA:30,7
DA:31,7
DA:40,3
DA:41,1
DA:44,2
DA:45,2
DA:47,2
DA:55,2
DA:56,2
LF:13
LH:13
BRDA:40,0,0,1
BRDA:40,0,1,2
BRF:2
BRH:2
end_of_record
TN:
SF:Skainet-API\src\search\search.controller.ts
FN:9,(anonymous_4)
FN:13,(anonymous_5)
FNF:2
FNH:0
FNDA:0,(anonymous_4)
FNDA:0,(anonymous_5)
DA:1,0
DA:2,0
DA:3,0
DA:4,0
DA:8,0
DA:9,0
DA:13,0
DA:14,0
DA:15,0
DA:16,0
LF:10
LH:0
BRDA:14,0,0,0
BRDA:14,0,1,0
BRDA:15,1,0,0
BRDA:15,1,1,0
BRDA:9,2,0,0
BRDA:9,2,1,0
BRDA:9,3,0,0
BRDA:9,3,1,0
BRF:8
BRH:0
end_of_record
TN:
SF:Skainet-API\src\search\search.module.ts
FNF:0
FNH:0
DA:1,0
DA:2,0
DA:3,0
DA:4,0
DA:12,0
LF:5
LH:0
BRF:0
BRH:0
end_of_record
TN:
SF:Skainet-API\src\search\search.service.ts
FN:6,(anonymous_2)
FN:8,(anonymous_3)
FN:36,(anonymous_4)
FNF:3
FNH:3
FNDA:7,(anonymous_2)
FNDA:7,(anonymous_3)
FNDA:3,(anonymous_4)
DA:1,2
DA:2,2
DA:5,2
DA:6,7
DA:9,7
DA:10,2
DA:13,5
DA:14,5
DA:20,5
DA:21,5
DA:22,5
DA:25,5
DA:26,3
DA:36,3
DA:40,5
DA:41,3
DA:50,3
DA:54,5
DA:55,2
DA:62,2
DA:63,1
DA:66,2
DA:70,2
DA:73,5
LF:24
LH:24
BRDA:9,0,0,2
BRDA:9,0,1,5
BRDA:9,1,0,7
BRDA:9,1,1,6
BRDA:20,2,0,5
BRDA:20,2,1,3
BRDA:20,2,2,1
BRDA:21,3,0,5
BRDA:21,3,1,3
BRDA:21,3,2,2
BRDA:22,4,0,5
BRDA:22,4,1,3
BRDA:22,4,2,3
BRDA:25,5,0,3
BRDA:25,5,1,2
BRDA:25,6,0,5
BRDA:25,6,1,4
BRDA:25,6,2,1
BRDA:25,6,3,1
BRDA:26,7,0,3
BRDA:26,7,1,0
BRDA:40,8,0,3
BRDA:40,8,1,2
BRDA:41,9,0,3
BRDA:41,9,1,0
BRDA:54,10,0,2
BRDA:54,10,1,3
BRDA:62,11,0,1
BRDA:62,11,1,1
BRDA:66,12,0,2
BRDA:66,12,1,0
BRDA:6,13,0,2
BRDA:6,13,1,0
BRDA:6,14,0,2
BRDA:6,14,1,2
BRF:35
BRH:31
end_of_record
TN:
SF:Skainet-API\src\stats\stats.controller.ts
FN:6,(anonymous_2)
FN:9,(anonymous_3)
FNF:2
FNH:0
FNDA:0,(anonymous_2)
FNDA:0,(anonymous_3)
DA:1,0
DA:2,0
DA:5,0
DA:6,0
DA:9,0
DA:10,0
LF:6
LH:0
BRDA:6,0,0,0
BRDA:6,0,1,0
BRDA:6,1,0,0
BRDA:6,1,1,0
BRF:4
BRH:0
end_of_record
TN:
SF:Skainet-API\src\stats\stats.module.ts
FNF:0
FNH:0
DA:1,0
DA:2,0
DA:3,0
DA:4,0
DA:5,0
DA:6,0
DA:13,0
LF:7
LH:0
BRF:0
BRH:0
end_of_record
TN:
SF:Skainet-API\src\stats\stats.service.ts
FN:8,(anonymous_2)
FN:14,(anonymous_3)
FN:16,(anonymous_4)
FN:19,(anonymous_5)
FN:23,(anonymous_6)
FN:24,(anonymous_7)
FN:25,(anonymous_8)
FN:27,(anonymous_9)
FN:34,(anonymous_10)
FN:38,(anonymous_11)
FN:45,(anonymous_12)
FNF:11
FNH:11
FNDA:8,(anonymous_2)
FNDA:8,(anonymous_3)
FNDA:15,(anonymous_4)
FNDA:14,(anonymous_5)
FNDA:14,(anonymous_6)
FNDA:14,(anonymous_7)
FNDA:28,(anonymous_8)
FNDA:14,(anonymous_9)
FNDA:7,(anonymous_10)
FNDA:7,(anonymous_11)
FNDA:15,(anonymous_12)
DA:1,2
DA:2,2
DA:3,2
DA:4,2
DA:7,2
DA:9,8
DA:10,8
DA:11,8
DA:15,8
DA:16,15
DA:19,14
DA:22,8
DA:23,14
DA:24,8
DA:25,28
DA:26,14
DA:27,14
DA:29,14
DA:34,7
DA:37,8
DA:38,8
DA:40,8
DA:45,15
LF:23
LH:23
BRDA:19,0,0,14
BRDA:19,0,1,2
BRDA:26,1,0,14
BRDA:26,1,1,0
BRDA:27,2,0,14
BRDA:27,2,1,0
BRDA:34,3,0,7
BRDA:34,3,1,0
BRDA:34,4,0,7
BRDA:34,4,1,0
BRDA:9,5,0,2
BRDA:9,5,1,0
BRDA:9,6,0,2
BRDA:9,6,1,2
BRDA:9,7,0,2
BRDA:9,7,1,0
BRDA:9,8,0,2
BRDA:9,8,1,2
BRDA:10,9,0,2
BRDA:10,9,1,0
BRDA:10,10,0,2
BRDA:10,10,1,2
BRF:22
BRH:15
end_of_record
TN:
SF:Skainet-API\src\users\users.controller.ts
FN:10,(anonymous_4)
FN:17,(anonymous_5)
FN:22,(anonymous_6)
FN:29,(anonymous_7)
FN:34,(anonymous_8)
FN:40,(anonymous_9)
FN:48,(anonymous_10)
FN:56,(anonymous_11)
FN:64,(anonymous_12)
FN:72,(anonymous_13)
FN:12,(anonymous_14)
FNF:11
FNH:3
FNDA:26,(anonymous_4)
FNDA:0,(anonymous_5)
FNDA:0,(anonymous_6)
FNDA:0,(anonymous_7)
FNDA:0,(anonymous_8)
FNDA:0,(anonymous_9)
FNDA:1,(anonymous_10)
FNDA:0,(anonymous_11)
FNDA:0,(anonymous_12)
FNDA:0,(anonymous_13)
FNDA:26,(anonymous_14)
DA:1,2
DA:2,2
DA:3,2
DA:4,2
DA:5,2
DA:9,2
DA:11,26
DA:12,26
DA:13,26
DA:17,2
DA:18,0
DA:22,2
DA:23,0
DA:24,0
DA:25,0
DA:29,2
DA:30,0
DA:34,2
DA:35,0
DA:40,2
DA:41,0
DA:42,0
DA:43,0
DA:48,2
DA:49,1
DA:50,1
DA:51,1
DA:56,2
DA:57,0
DA:58,0
DA:59,0
DA:64,2
DA:65,0
DA:66,0
DA:67,0
DA:72,2
DA:76,0
DA:77,0
DA:78,0
LF:39
LH:21
BRDA:24,0,0,0
BRDA:24,0,1,0
BRDA:41,1,0,0
BRDA:41,1,1,0
BRDA:42,2,0,0
BRDA:42,2,1,0
BRDA:49,3,0,1
BRDA:49,3,1,0
BRDA:49,3,2,0
BRDA:50,4,0,1
BRDA:50,4,1,0
BRDA:50,4,2,0
BRDA:57,5,0,0
BRDA:57,5,1,0
BRDA:57,5,2,0
BRDA:58,6,0,0
BRDA:58,6,1,0
BRDA:58,6,2,0
BRDA:65,7,0,0
BRDA:65,7,1,0
BRDA:65,7,2,0
BRDA:66,8,0,0
BRDA:66,8,1,0
BRDA:66,8,2,0
BRDA:77,9,0,0
BRDA:77,9,1,0
BRDA:74,10,0,0
BRDA:74,10,1,2
BRDA:74,11,0,2
BRDA:74,11,1,2
BRDA:11,12,0,2
BRDA:11,12,1,0
BRDA:11,13,0,2
BRDA:11,13,1,2
BRDA:11,14,0,2
BRDA:11,14,1,0
BRDA:11,15,0,2
BRDA:11,15,1,2
BRF:38
BRH:11
end_of_record
TN:
SF:Skainet-API\src\users\users.module.ts
FN:10,(anonymous_1)
FNF:1
FNH:0
FNDA:0,(anonymous_1)
DA:1,0
DA:2,0
DA:3,0
DA:4,0
DA:5,0
DA:6,0
DA:10,0
DA:18,0
LF:8
LH:0
BRF:0
BRH:0
end_of_record
TN:
SF:Skainet-API\src\users\users.service.ts
FN:5,(anonymous_4)
FN:13,(anonymous_5)
FN:20,(anonymous_6)
FN:25,parseUser
FN:36,(anonymous_8)
FN:41,(anonymous_9)
FN:91,(anonymous_10)
FN:97,(anonymous_11)
FN:100,(anonymous_12)
FN:106,(anonymous_13)
FN:111,(anonymous_14)
FN:175,(anonymous_15)
FN:220,(anonymous_16)
FN:263,(anonymous_17)
FN:290,(anonymous_18)
FN:321,(anonymous_19)
FN:325,(anonymous_20)
FN:349,(anonymous_21)
FN:356,(anonymous_22)
FN:367,(anonymous_23)
FN:373,(anonymous_24)
FNF:21
FNH:18
FNDA:25,(anonymous_4)
FNDA:25,(anonymous_5)
FNDA:25,(anonymous_6)
FNDA:48,parseUser
FNDA:79,(anonymous_8)
FNDA:0,(anonymous_9)
FNDA:7,(anonymous_10)
FNDA:3,(anonymous_11)
FNDA:6,(anonymous_12)
FNDA:0,(anonymous_13)
FNDA:31,(anonymous_14)
FNDA:19,(anonymous_15)
FNDA:11,(anonymous_16)
FNDA:0,(anonymous_17)
FNDA:3,(anonymous_18)
FNDA:2,(anonymous_19)
FNDA:2,(anonymous_20)
FNDA:5,(anonymous_21)
FNDA:3,(anonymous_22)
FNDA:2,(anonymous_23)
FNDA:5,(anonymous_24)
DA:1,25
DA:2,25
DA:3,25
DA:5,25
DA:6,25
DA:7,25
DA:8,25
DA:9,25
DA:10,25
DA:13,25
DA:14,25
DA:15,25
DA:16,25
DA:17,25
DA:20,25
DA:21,25
DA:22,25
DA:26,48
DA:27,48
DA:35,25
DA:37,79
DA:38,79
DA:42,0
DA:43,0
DA:44,0
DA:87,0
DA:92,7
DA:93,7
DA:94,7
DA:96,7
DA:97,7
DA:101,6
DA:102,6
DA:103,6
DA:107,0
DA:108,0
DA:112,31
DA:113,5
DA:115,26
DA:116,6
DA:120,20
DA:121,8
DA:122,2
DA:124,12
DA:125,11
DA:126,2
DA:128,1
DA:129,0
DA:133,16
DA:134,16
DA:135,3
DA:139,13
DA:141,13
DA:156,13
DA:157,0
DA:160,13
DA:161,12
DA:170,13
DA:171,13
DA:172,13
DA:176,19
DA:177,1
DA:180,18
DA:181,18
DA:184,17
DA:185,2
DA:188,15
DA:189,2
DA:192,13
DA:193,2
DA:196,11
DA:205,11
DA:206,11
DA:215,11
DA:216,11
DA:217,11
DA:222,11
DA:223,1
DA:226,10
DA:227,1
DA:230,9
DA:231,9
DA:233,9
DA:234,2
DA:238,7
DA:239,1
DA:243,6
DA:248,6
DA:249,6
DA:258,6
DA:259,6
DA:260,6
DA:264,0
DA:265,0
DA:267,0
DA:268,0
DA:271,0
DA:272,0
DA:275,0
DA:283,0
DA:284,0
DA:286,0
DA:287,0
DA:291,3
DA:292,3
DA:294,3
DA:295,0
DA:298,3
DA:300,3
DA:308,3
DA:309,3
DA:318,3
DA:322,2
DA:326,2
DA:327,2
DA:329,2
DA:330,2
DA:331,2
DA:333,2
DA:338,2
DA:339,1
DA:342,2
DA:346,2
DA:350,5
DA:351,5
DA:352,3
DA:353,3
DA:357,3
DA:358,1
DA:360,2
DA:361,2
DA:362,1
DA:364,1
DA:368,2
DA:369,2
DA:370,2
DA:371,2
DA:372,2
DA:373,2
DA:374,5
DA:375,5
DA:376,5
DA:378,2
LF:143
LH:123
BRDA:5,0,0,25
BRDA:5,0,1,25
BRDA:13,1,0,25
BRDA:13,1,1,25
BRDA:20,2,0,25
BRDA:20,2,1,25
BRDA:26,3,0,0
BRDA:26,3,1,48
BRDA:29,4,0,15
BRDA:29,4,1,33
BRDA:29,5,0,33
BRDA:29,5,1,33
BRDA:30,6,0,10
BRDA:30,6,1,38
BRDA:30,7,0,38
BRDA:30,7,1,38
BRDA:43,8,0,0
BRDA:43,8,1,0
BRDA:93,9,0,6
BRDA:93,9,1,1
BRDA:94,10,0,0
BRDA:94,10,1,7
BRDA:102,11,0,0
BRDA:102,11,1,6
BRDA:112,12,0,5
BRDA:112,12,1,26
BRDA:112,13,0,31
BRDA:112,13,1,28
BRDA:115,14,0,6
BRDA:115,14,1,20
BRDA:115,15,0,26
BRDA:115,15,1,12
BRDA:115,15,2,7
BRDA:120,16,0,8
BRDA:120,16,1,12
BRDA:121,17,0,2
BRDA:121,17,1,6
BRDA:121,18,0,8
BRDA:121,18,1,2
BRDA:124,19,0,11
BRDA:124,19,1,1
BRDA:125,20,0,2
BRDA:125,20,1,9
BRDA:125,21,0,11
BRDA:125,21,1,3
BRDA:125,21,2,2
BRDA:128,22,0,0
BRDA:128,22,1,1
BRDA:134,23,0,3
BRDA:134,23,1,13
BRDA:139,24,0,13
BRDA:139,24,1,13
BRDA:144,25,0,13
BRDA:144,25,1,13
BRDA:150,26,0,13
BRDA:150,26,1,7
BRDA:151,27,0,13
BRDA:151,27,1,10
BRDA:156,28,0,0
BRDA:156,28,1,13
BRDA:160,29,0,12
BRDA:160,29,1,1
BRDA:171,30,0,13
BRDA:171,30,1,0
BRDA:176,31,0,1
BRDA:176,31,1,18
BRDA:176,32,0,19
BRDA:176,32,1,18
BRDA:181,33,0,1
BRDA:181,33,1,17
BRDA:184,34,0,2
BRDA:184,34,1,15
BRDA:184,35,0,17
BRDA:184,35,1,11
BRDA:184,35,2,2
BRDA:188,36,0,2
BRDA:188,36,1,13
BRDA:188,37,0,15
BRDA:188,37,1,15
BRDA:188,37,2,13
BRDA:192,38,0,2
BRDA:192,38,1,11
BRDA:192,39,0,13
BRDA:192,39,1,8
BRDA:192,39,2,6
BRDA:199,40,0,11
BRDA:199,40,1,0
BRDA:200,41,0,6
BRDA:200,41,1,5
BRDA:201,42,0,3
BRDA:201,42,1,8
BRDA:205,43,0,11
BRDA:205,43,1,0
BRDA:208,44,0,11
BRDA:208,44,1,0
BRDA:216,45,0,11
BRDA:216,45,1,0
BRDA:222,46,0,1
BRDA:222,46,1,10
BRDA:226,47,0,1
BRDA:226,47,1,9
BRDA:226,48,0,10
BRDA:226,48,1,9
BRDA:231,49,0,0
BRDA:231,49,1,9
BRDA:233,50,0,2
BRDA:233,50,1,7
BRDA:238,51,0,1
BRDA:238,51,1,6
BRDA:238,52,0,7
BRDA:238,52,1,4
BRDA:238,52,2,1
BRDA:248,53,0,6
BRDA:248,53,1,0
BRDA:259,54,0,6
BRDA:259,54,1,0
BRDA:265,55,0,0
BRDA:265,55,1,0
BRDA:267,56,0,0
BRDA:267,56,1,0
BRDA:271,57,0,0
BRDA:271,57,1,0
BRDA:271,58,0,0
BRDA:271,58,1,0
BRDA:283,59,0,0
BRDA:283,59,1,0
BRDA:292,60,0,0
BRDA:292,60,1,3
BRDA:294,61,0,0
BRDA:294,61,1,3
BRDA:294,62,0,3
BRDA:294,62,1,3
BRDA:294,62,2,0
BRDA:308,63,0,3
BRDA:308,63,1,0
BRDA:327,64,0,0
BRDA:327,64,1,2
BRDA:330,65,0,2
BRDA:330,65,1,0
BRDA:338,66,0,1
BRDA:338,66,1,1
BRDA:351,67,0,2
BRDA:351,67,1,3
BRDA:351,68,0,5
BRDA:351,68,1,4
BRDA:357,69,0,1
BRDA:357,69,1,2
BRDA:357,70,0,3
BRDA:357,70,1,2
BRDA:361,71,0,1
BRDA:361,71,1,1
BRDA:369,72,0,0
BRDA:369,72,1,2
BRDA:371,73,0,2
BRDA:371,73,1,0
BRDA:372,74,0,0
BRDA:372,74,1,2
BRDA:374,75,0,0
BRDA:374,75,1,5
BRDA:375,76,0,5
BRDA:375,76,1,0
BRDA:378,77,0,1
BRDA:378,77,1,1
BRDA:37,78,0,25
BRDA:37,78,1,0
BRDA:37,79,0,25
BRDA:37,79,1,25
BRDA:37,80,0,25
BRDA:37,80,1,0
BRDA:37,81,0,25
BRDA:37,81,1,25
BRF:171
BRH:133
end_of_record
TN:
SF:Skainet-API\src\users\dto\create-user.dto.ts
FNF:0
FNH:0
DA:1,0
DA:5,0
DA:8,0
DA:11,0
DA:13,0
DA:16,0
DA:19,0
DA:22,0
DA:25,0
DA:32,0
LF:10
LH:0
BRF:0
BRH:0
end_of_record
